<?xml version="1.0" encoding="UTF-8"?>
<!-- Generated by org.testng.reporters.JUnitXMLReporter -->
<testsuite hostname="DESKTOP-BKR93A7" ignored="3" name="Default test" tests="2" failures="0" timestamp="30 Jun 2018 10:01:32 GMT" time="183.256" errors="0">
  <testcase name="verifyDetailsManageMemberClubClose" time="28.424" classname="com.handelsgillet.TestCases.SideMenuManageMemberPageTestCase"/>
  <testcase name="verifyDetailsManageMemberGroupClose" time="31.372" classname="com.handelsgillet.TestCases.SideMenuManageMemberPageTestCase"/>
  <testcase name="verifysubscriptionManageMemberClose" time="0.0" classname="com.handelsgillet.TestCases.SideMenuManageMemberPageTestCase">
    <ignored/>
  </testcase> <!-- verifysubscriptionManageMemberClose -->
  <testcase name="verifysubscriptionManageMembersendInvoiceButton" time="0.0" classname="com.handelsgillet.TestCases.SideMenuManageMemberPageTestCase">
    <ignored/>
  </testcase> <!-- verifysubscriptionManageMembersendInvoiceButton -->
  <testcase name="verifyManageMemberSearch" time="0.0" classname="com.handelsgillet.TestCases.SideMenuManageMemberPageTestCase">
    <ignored/>
  </testcase> <!-- verifyManageMemberSearch -->
</testsuite> <!-- Default test -->
