<?xml version="1.0" encoding="UTF-8"?>
<!-- Generated by org.testng.reporters.JUnitXMLReporter -->
<testsuite hostname="DESKTOP-BKR93A7" ignored="1" name="Default test" tests="1" failures="0" timestamp="16 Jun 2018 18:12:42 GMT" time="426.883" errors="0">
  <testcase name="verifyCreateTags" time="126.174" classname="com.handelsgillet.TestCases.SideMenuEventsPageTestCase"/>
  <testcase name="verifyEventAllTabNavigation" time="0.0" classname="com.handelsgillet.TestCases.SideMenuEventsPageTestCase">
    <ignored/>
  </testcase> <!-- verifyEventAllTabNavigation -->
</testsuite> <!-- Default test -->
