<?xml version="1.0" encoding="UTF-8"?>
<!-- Generated by org.testng.reporters.JUnitXMLReporter -->
<testsuite hostname="DESKTOP-BKR93A7" ignored="7" name="Default test" tests="1" failures="0" timestamp="04 Jun 2018 18:17:36 GMT" time="108.322" errors="0">
  <testcase name="verifygoToSiteGroups" time="27.224" classname="com.handelsgillet.TestCases.SideMenuGroupsPageTestCase"/>
  <testcase name="verifygroupSearch" time="0.0" classname="com.handelsgillet.TestCases.SideMenuGroupsPageTestCase">
    <ignored/>
  </testcase> <!-- verifygroupSearch -->
  <testcase name="verifyGroupsDeleteYes" time="0.0" classname="com.handelsgillet.TestCases.SideMenuGroupsPageTestCase">
    <ignored/>
  </testcase> <!-- verifyGroupsDeleteYes -->
  <testcase name="verifyManageMemberDeleteNo" time="0.0" classname="com.handelsgillet.TestCases.SideMenuGroupsPageTestCase">
    <ignored/>
  </testcase> <!-- verifyManageMemberDeleteNo -->
  <testcase name="verifyGroupsDeleteAllYes" time="0.0" classname="com.handelsgillet.TestCases.SideMenuGroupsPageTestCase">
    <ignored/>
  </testcase> <!-- verifyGroupsDeleteAllYes -->
  <testcase name="verifyViewGuoupOrClubAndBack" time="0.0" classname="com.handelsgillet.TestCases.SideMenuGroupsPageTestCase">
    <ignored/>
  </testcase> <!-- verifyViewGuoupOrClubAndBack -->
  <testcase name="verifyViewGuoupOrClubAndEditUpdate" time="0.0" classname="com.handelsgillet.TestCases.SideMenuGroupsPageTestCase">
    <ignored/>
  </testcase> <!-- verifyViewGuoupOrClubAndEditUpdate -->
  <testcase name="verifyViewGuoupOrClubAndEditCancel" time="0.0" classname="com.handelsgillet.TestCases.SideMenuGroupsPageTestCase">
    <ignored/>
  </testcase> <!-- verifyViewGuoupOrClubAndEditCancel -->
</testsuite> <!-- Default test -->
