<html>
<head>
<title>TestNG:  Default test</title>
<link href="../testng.css" rel="stylesheet" type="text/css" />
<link href="../my-testng.css" rel="stylesheet" type="text/css" />

<style type="text/css">
.log { display: none;} 
.stack-trace { display: none;} 
</style>
<script type="text/javascript">
<!--
function flip(e) {
  current = e.style.display;
  if (current == 'block') {
    e.style.display = 'none';
    return 0;
  }
  else {
    e.style.display = 'block';
    return 1;
  }
}

function toggleBox(szDivId, elem, msg1, msg2)
{
  var res = -1;  if (document.getElementById) {
    res = flip(document.getElementById(szDivId));
  }
  else if (document.all) {
    // this is the way old msie versions work
    res = flip(document.all[szDivId]);
  }
  if(elem) {
    if(res == 0) elem.innerHTML = msg1; else elem.innerHTML = msg2;
  }

}

function toggleAllBoxes() {
  if (document.getElementsByTagName) {
    d = document.getElementsByTagName('div');
    for (i = 0; i < d.length; i++) {
      if (d[i].className == 'log') {
        flip(d[i]);
      }
    }
  }
}

// -->
</script>

</head>
<body>
<h2 align='center'>Default test</h2><table border='1' align="center">
<tr>
<td>Tests passed/Failed/Skipped:</td><td>14/1/0</td>
</tr><tr>
<td>Started on:</td><td>Mon Jul 02 02:18:51 IST 2018</td>
</tr>
<tr><td>Total time:</td><td>1382 seconds (1382326 ms)</td>
</tr><tr>
<td>Included groups:</td><td></td>
</tr><tr>
<td>Excluded groups:</td><td></td>
</tr>
</table><p/>
<small><i>(Hover the method name to see the test class name)</i></small><p/>
<table width='100%' border='1' class='invocation-failed'>
<tr><td colspan='4' align='center'><b>FAILED TESTS</b></td></tr>
<tr><td><b>Test method</b></td>
<td width="30%"><b>Exception</b></td>
<td width="10%"><b>Time (seconds)</b></td>
<td><b>Instance</b></td>
</tr>
<tr>
<td title='com.handelsgillet.TestCases.SideMenuEventsPageTestCase.verifyEventAllTabNavigation()'><b>verifyEventAllTabNavigation</b><br>Test class: com.handelsgillet.TestCases.SideMenuEventsPageTestCase</td>
<td><div><pre>org.openqa.selenium.WebDriverException: unknown error: Element &lt;a _ngcontent-c9=&quot;&quot; aria-expanded=&quot;false&quot; aria-haspopup=&quot;true&quot; class=&quot;dropdown-toggle&quot; data-toggle=&quot;dropdown&quot; role=&quot;tab&quot; routerlinkactive=&quot;active&quot; href=&quot;#/dashboard/manageevents/allevents&quot;&gt;...&lt;/a&gt; is not clickable at point (505, 138). Other element would receive the click: &lt;h1 class=&quot;visible loading-text&quot; style=&quot;z-index: 9999;&quot;&gt;...&lt;/h1&gt;
  (Session info: chrome=67.0.3396.99)
  (Driver info: chromedriver=2.36.540470 (e522d04694c7ebea4ba8821272dbef4f9b818c91),platform=Windows NT 10.0.16299 x86_64) (WARNING: The server did not provide any stacktrace information)
Command duration or timeout: 0 milliseconds
Build info: version: &apos;3.7.0&apos;, revision: &apos;2321c73&apos;, time: &apos;2017-11-02T22:22:35.584Z&apos;
System info: host: &apos;DESKTOP-BKR93A7&apos;, ip: &apos;192.168.43.214&apos;, os.name: &apos;Windows 10&apos;, os.arch: &apos;amd64&apos;, os.version: &apos;10.0&apos;, java.version: &apos;1.8.0_151&apos;
Driver info: org.openqa.selenium.chrome.ChromeDriver
Capabilities {acceptInsecureCerts: false, acceptSslCerts: false, applicationCacheEnabled: false, browserConnectionEnabled: false, browserName: chrome, chrome: {chromedriverVersion: 2.36.540470 (e522d04694c7eb..., userDataDir: C:\Users\prave\AppData\Loca...}, cssSelectorsEnabled: true, databaseEnabled: false, handlesAlerts: true, hasTouchScreen: false, javascriptEnabled: true, locationContextEnabled: true, mobileEmulationEnabled: false, nativeEvents: true, networkConnectionEnabled: false, pageLoadStrategy: normal, platform: XP, platformName: XP, rotatable: false, setWindowRect: true, takesHeapSnapshot: true, takesScreenshot: true, unexpectedAlertBehaviour: , unhandledPromptBehavior: , version: 67.0.3396.99, webStorageEnabled: true}
Session ID: ae6161947c9e8b25df000e4249540282
	at sun.reflect.NativeConstructorAccessorImpl.newInstance0(Native Method)
	at sun.reflect.NativeConstructorAccessorImpl.newInstance(Unknown Source)
	at sun.reflect.DelegatingConstructorAccessorImpl.newInstance(Unknown Source)
	at java.lang.reflect.Constructor.newInstance(Unknown Source)
	at org.openqa.selenium.remote.ErrorHandler.createThrowable(ErrorHandler.java:214)
	at org.openqa.selenium.remote.ErrorHandler.throwIfResponseFailed(ErrorHandler.java:166)
	at org.openqa.selenium.remote.http.JsonHttpResponseCodec.reconstructValue(JsonHttpResponseCodec.java:40)
	at org.openqa.selenium.remote.http.AbstractHttpResponseCodec.decode(AbstractHttpResponseCodec.java:80)
	at org.openqa.selenium.remote.http.AbstractHttpResponseCodec.decode(AbstractHttpResponseCodec.java:44)
	at org.openqa.selenium.remote.HttpCommandExecutor.execute(HttpCommandExecutor.java:164)
	at org.openqa.selenium.remote.service.DriverCommandExecutor.execute(DriverCommandExecutor.java:83)
	at org.openqa.selenium.remote.RemoteWebDriver.execute(RemoteWebDriver.java:600)
	at org.openqa.selenium.remote.RemoteWebElement.execute(RemoteWebElement.java:279)
	at org.openqa.selenium.remote.RemoteWebElement.click(RemoteWebElement.java:83)
	at sun.reflect.NativeMethodAccessorImpl.invoke0(Native Method)
	at sun.reflect.NativeMethodAccessorImpl.invoke(Unknown Source)
	at sun.reflect.DelegatingMethodAccessorImpl.invoke(Unknown Source)
	at java.lang.reflect.Method.invoke(Unknown Source)
	at org.openqa.selenium.support.events.EventFiringWebDriver$EventFiringWebElement$1.invoke(EventFiringWebDriver.java:376)
	at com.sun.proxy.$Proxy13.click(Unknown Source)
	at org.openqa.selenium.support.events.EventFiringWebDriver$EventFiringWebElement.click(EventFiringWebDriver.java:389)
	at sun.reflect.NativeMethodAccessorImpl.invoke0(Native Method)
	at sun.reflect.NativeMethodAccessorImpl.invoke(Unknown Source)
	at sun.reflect.DelegatingMethodAccessorImpl.invoke(Unknown Source)
	at java.lang.reflect.Method.invoke(Unknown Source)
	at org.openqa.selenium.support.pagefactory.internal.LocatingElementHandler.invoke(LocatingElementHandler.java:51)
	at com.sun.proxy.$Proxy12.click(Unknown Source)
	at com.handelsgillet.pages.SideMenuEventsPage.clickOnAllEventsMenu(SideMenuEventsPage.java:569)
	at com.handelsgillet.TestCases.SideMenuEventsPageTestCase.verifyEventAllTabNavigation(SideMenuEventsPageTestCase.java:48)
	at sun.reflect.NativeMethodAccessorImpl.invoke0(Native Method)
	at sun.reflect.NativeMethodAccessorImpl.invoke(Unknown Source)
	at sun.reflect.DelegatingMethodAccessorImpl.invoke(Unknown Source)
	at java.lang.reflect.Method.invoke(Unknown Source)
	at org.testng.internal.MethodInvocationHelper.invokeMethod(MethodInvocationHelper.java:124)
	at org.testng.internal.Invoker.invokeMethod(Invoker.java:571)
	at org.testng.internal.Invoker.invokeTestMethod(Invoker.java:707)
	at org.testng.internal.Invoker.invokeTestMethods(Invoker.java:979)
	at org.testng.internal.TestMethodWorker.invokeTestMethods(TestMethodWorker.java:125)
	at org.testng.internal.TestMethodWorker.run(TestMethodWorker.java:109)
	at org.testng.TestRunner.privateRun(TestRunner.java:648)
	at org.testng.TestRunner.run(TestRunner.java:505)
	at org.testng.SuiteRunner.runTest(SuiteRunner.java:455)
	at org.testng.SuiteRunner.runSequentially(SuiteRunner.java:450)
	at org.testng.SuiteRunner.privateRun(SuiteRunner.java:415)
	at org.testng.SuiteRunner.run(SuiteRunner.java:364)
	at org.testng.SuiteRunnerWorker.runSuite(SuiteRunnerWorker.java:52)
	at org.testng.SuiteRunnerWorker.run(SuiteRunnerWorker.java:84)
	at org.testng.TestNG.runSuitesSequentially(TestNG.java:1187)
	at org.testng.TestNG.runSuitesLocally(TestNG.java:1116)
	at org.testng.TestNG.runSuites(TestNG.java:1028)
	at org.testng.TestNG.run(TestNG.java:996)
	at org.testng.remote.AbstractRemoteTestNG.run(AbstractRemoteTestNG.java:114)
	at org.testng.remote.RemoteTestNG.initAndRun(RemoteTestNG.java:251)
	at org.testng.remote.RemoteTestNG.main(RemoteTestNG.java:77)
</pre></div><a href='#' onClick='toggleBox("stack-trace473524237", this, "Click to show all stack frames", "Click to hide stack frames")'>Click to show all stack frames</a>
<div class='stack-trace' id='stack-trace473524237'><pre>org.openqa.selenium.WebDriverException: unknown error: Element &lt;a _ngcontent-c9=&quot;&quot; aria-expanded=&quot;false&quot; aria-haspopup=&quot;true&quot; class=&quot;dropdown-toggle&quot; data-toggle=&quot;dropdown&quot; role=&quot;tab&quot; routerlinkactive=&quot;active&quot; href=&quot;#/dashboard/manageevents/allevents&quot;&gt;...&lt;/a&gt; is not clickable at point (505, 138). Other element would receive the click: &lt;h1 class=&quot;visible loading-text&quot; style=&quot;z-index: 9999;&quot;&gt;...&lt;/h1&gt;
  (Session info: chrome=67.0.3396.99)
  (Driver info: chromedriver=2.36.540470 (e522d04694c7ebea4ba8821272dbef4f9b818c91),platform=Windows NT 10.0.16299 x86_64) (WARNING: The server did not provide any stacktrace information)
Command duration or timeout: 0 milliseconds
Build info: version: &apos;3.7.0&apos;, revision: &apos;2321c73&apos;, time: &apos;2017-11-02T22:22:35.584Z&apos;
System info: host: &apos;DESKTOP-BKR93A7&apos;, ip: &apos;192.168.43.214&apos;, os.name: &apos;Windows 10&apos;, os.arch: &apos;amd64&apos;, os.version: &apos;10.0&apos;, java.version: &apos;1.8.0_151&apos;
Driver info: org.openqa.selenium.chrome.ChromeDriver
Capabilities {acceptInsecureCerts: false, acceptSslCerts: false, applicationCacheEnabled: false, browserConnectionEnabled: false, browserName: chrome, chrome: {chromedriverVersion: 2.36.540470 (e522d04694c7eb..., userDataDir: C:\Users\prave\AppData\Loca...}, cssSelectorsEnabled: true, databaseEnabled: false, handlesAlerts: true, hasTouchScreen: false, javascriptEnabled: true, locationContextEnabled: true, mobileEmulationEnabled: false, nativeEvents: true, networkConnectionEnabled: false, pageLoadStrategy: normal, platform: XP, platformName: XP, rotatable: false, setWindowRect: true, takesHeapSnapshot: true, takesScreenshot: true, unexpectedAlertBehaviour: , unhandledPromptBehavior: , version: 67.0.3396.99, webStorageEnabled: true}
Session ID: ae6161947c9e8b25df000e4249540282
	at sun.reflect.NativeConstructorAccessorImpl.newInstance0(Native Method)
	at sun.reflect.NativeConstructorAccessorImpl.newInstance(Unknown Source)
	at sun.reflect.DelegatingConstructorAccessorImpl.newInstance(Unknown Source)
	at java.lang.reflect.Constructor.newInstance(Unknown Source)
	at org.openqa.selenium.remote.ErrorHandler.createThrowable(ErrorHandler.java:214)
	at org.openqa.selenium.remote.ErrorHandler.throwIfResponseFailed(ErrorHandler.java:166)
	at org.openqa.selenium.remote.http.JsonHttpResponseCodec.reconstructValue(JsonHttpResponseCodec.java:40)
	at org.openqa.selenium.remote.http.AbstractHttpResponseCodec.decode(AbstractHttpResponseCodec.java:80)
	at org.openqa.selenium.remote.http.AbstractHttpResponseCodec.decode(AbstractHttpResponseCodec.java:44)
	at org.openqa.selenium.remote.HttpCommandExecutor.execute(HttpCommandExecutor.java:164)
	at org.openqa.selenium.remote.service.DriverCommandExecutor.execute(DriverCommandExecutor.java:83)
	at org.openqa.selenium.remote.RemoteWebDriver.execute(RemoteWebDriver.java:600)
	at org.openqa.selenium.remote.RemoteWebElement.execute(RemoteWebElement.java:279)
	at org.openqa.selenium.remote.RemoteWebElement.click(RemoteWebElement.java:83)
	at sun.reflect.NativeMethodAccessorImpl.invoke0(Native Method)
	at sun.reflect.NativeMethodAccessorImpl.invoke(Unknown Source)
	at sun.reflect.DelegatingMethodAccessorImpl.invoke(Unknown Source)
	at java.lang.reflect.Method.invoke(Unknown Source)
	at org.openqa.selenium.support.events.EventFiringWebDriver$EventFiringWebElement$1.invoke(EventFiringWebDriver.java:376)
	at com.sun.proxy.$Proxy13.click(Unknown Source)
	at org.openqa.selenium.support.events.EventFiringWebDriver$EventFiringWebElement.click(EventFiringWebDriver.java:389)
	at sun.reflect.NativeMethodAccessorImpl.invoke0(Native Method)
	at sun.reflect.NativeMethodAccessorImpl.invoke(Unknown Source)
	at sun.reflect.DelegatingMethodAccessorImpl.invoke(Unknown Source)
	at java.lang.reflect.Method.invoke(Unknown Source)
	at org.openqa.selenium.support.pagefactory.internal.LocatingElementHandler.invoke(LocatingElementHandler.java:51)
	at com.sun.proxy.$Proxy12.click(Unknown Source)
	at com.handelsgillet.pages.SideMenuEventsPage.clickOnAllEventsMenu(SideMenuEventsPage.java:569)
	at com.handelsgillet.TestCases.SideMenuEventsPageTestCase.verifyEventAllTabNavigation(SideMenuEventsPageTestCase.java:48)
	at sun.reflect.NativeMethodAccessorImpl.invoke0(Native Method)
	at sun.reflect.NativeMethodAccessorImpl.invoke(Unknown Source)
	at sun.reflect.DelegatingMethodAccessorImpl.invoke(Unknown Source)
	at java.lang.reflect.Method.invoke(Unknown Source)
	at org.testng.internal.MethodInvocationHelper.invokeMethod(MethodInvocationHelper.java:124)
	at org.testng.internal.Invoker.invokeMethod(Invoker.java:571)
	at org.testng.internal.Invoker.invokeTestMethod(Invoker.java:707)
	at org.testng.internal.Invoker.invokeTestMethods(Invoker.java:979)
	at org.testng.internal.TestMethodWorker.invokeTestMethods(TestMethodWorker.java:125)
	at org.testng.internal.TestMethodWorker.run(TestMethodWorker.java:109)
	at org.testng.TestRunner.privateRun(TestRunner.java:648)
	at org.testng.TestRunner.run(TestRunner.java:505)
	at org.testng.SuiteRunner.runTest(SuiteRunner.java:455)
	at org.testng.SuiteRunner.runSequentially(SuiteRunner.java:450)
	at org.testng.SuiteRunner.privateRun(SuiteRunner.java:415)
	at org.testng.SuiteRunner.run(SuiteRunner.java:364)
	at org.testng.SuiteRunnerWorker.runSuite(SuiteRunnerWorker.java:52)
	at org.testng.SuiteRunnerWorker.run(SuiteRunnerWorker.java:84)
	at org.testng.TestNG.runSuitesSequentially(TestNG.java:1187)
	at org.testng.TestNG.runSuitesLocally(TestNG.java:1116)
	at org.testng.TestNG.runSuites(TestNG.java:1028)
	at org.testng.TestNG.run(TestNG.java:996)
	at org.testng.remote.AbstractRemoteTestNG.run(AbstractRemoteTestNG.java:114)
	at org.testng.remote.RemoteTestNG.initAndRun(RemoteTestNG.java:251)
	at org.testng.remote.RemoteTestNG.main(RemoteTestNG.java:77)
</pre></div></td>
<td>6</td>
<td>com.handelsgillet.TestCases.SideMenuEventsPageTestCase@59f99ea</td></tr>
</table><p>
<table width='100%' border='1' class='invocation-passed'>
<tr><td colspan='4' align='center'><b>PASSED TESTS</b></td></tr>
<tr><td><b>Test method</b></td>
<td width="30%"><b>Exception</b></td>
<td width="10%"><b>Time (seconds)</b></td>
<td><b>Instance</b></td>
</tr>
<tr>
<td title='com.handelsgillet.TestCases.SideMenuEventsPageTestCase.VerifyApplicationFormAndCancel()'><b>VerifyApplicationFormAndCancel</b><br>Test class: com.handelsgillet.TestCases.SideMenuEventsPageTestCase</td>
<td></td>
<td>23</td>
<td>com.handelsgillet.TestCases.SideMenuEventsPageTestCase@59f99ea</td></tr>
<tr>
<td title='com.handelsgillet.TestCases.SideMenuEventsPageTestCase.VerifyHGEventFormAndEdit_UpdateApplication()'><b>VerifyHGEventFormAndEdit_UpdateApplication</b><br>Test class: com.handelsgillet.TestCases.SideMenuEventsPageTestCase</td>
<td></td>
<td>136</td>
<td>com.handelsgillet.TestCases.SideMenuEventsPageTestCase@59f99ea</td></tr>
<tr>
<td title='com.handelsgillet.TestCases.SideMenuEventsPageTestCase.VerifyHGEventFormInviteMember()'><b>VerifyHGEventFormInviteMember</b><br>Test class: com.handelsgillet.TestCases.SideMenuEventsPageTestCase</td>
<td></td>
<td>38</td>
<td>com.handelsgillet.TestCases.SideMenuEventsPageTestCase@59f99ea</td></tr>
<tr>
<td title='com.handelsgillet.TestCases.SideMenuEventsPageTestCase.VerifyHGEventFormQuestionare()'><b>VerifyHGEventFormQuestionare</b><br>Test class: com.handelsgillet.TestCases.SideMenuEventsPageTestCase</td>
<td></td>
<td>84</td>
<td>com.handelsgillet.TestCases.SideMenuEventsPageTestCase@59f99ea</td></tr>
<tr>
<td title='com.handelsgillet.TestCases.SideMenuEventsPageTestCase.VerifyHGFormAndEdit_CancelApplication()'><b>VerifyHGFormAndEdit_CancelApplication</b><br>Test class: com.handelsgillet.TestCases.SideMenuEventsPageTestCase</td>
<td></td>
<td>168</td>
<td>com.handelsgillet.TestCases.SideMenuEventsPageTestCase@59f99ea</td></tr>
<tr>
<td title='com.handelsgillet.TestCases.SideMenuEventsPageTestCase.verifyCancelEventAndNoButton()'><b>verifyCancelEventAndNoButton</b><br>Test class: com.handelsgillet.TestCases.SideMenuEventsPageTestCase</td>
<td></td>
<td>28</td>
<td>com.handelsgillet.TestCases.SideMenuEventsPageTestCase@59f99ea</td></tr>
<tr>
<td title='com.handelsgillet.TestCases.SideMenuEventsPageTestCase.verifyCancelEventAndYesButton()'><b>verifyCancelEventAndYesButton</b><br>Test class: com.handelsgillet.TestCases.SideMenuEventsPageTestCase</td>
<td></td>
<td>31</td>
<td>com.handelsgillet.TestCases.SideMenuEventsPageTestCase@59f99ea</td></tr>
<tr>
<td title='com.handelsgillet.TestCases.SideMenuEventsPageTestCase.verifyClickOnEventsTypeMenuCreateEventAndCancel()'><b>verifyClickOnEventsTypeMenuCreateEventAndCancel</b><br>Test class: com.handelsgillet.TestCases.SideMenuEventsPageTestCase</td>
<td></td>
<td>22</td>
<td>com.handelsgillet.TestCases.SideMenuEventsPageTestCase@59f99ea</td></tr>
<tr>
<td title='com.handelsgillet.TestCases.SideMenuEventsPageTestCase.verifyClickOnEventsTypeMenuCreateEventAndCreate()'><b>verifyClickOnEventsTypeMenuCreateEventAndCreate</b><br>Test class: com.handelsgillet.TestCases.SideMenuEventsPageTestCase</td>
<td></td>
<td>22</td>
<td>com.handelsgillet.TestCases.SideMenuEventsPageTestCase@59f99ea</td></tr>
<tr>
<td title='com.handelsgillet.TestCases.SideMenuEventsPageTestCase.verifyClickonMembersAndBackButton()'><b>verifyClickonMembersAndBackButton</b><br>Test class: com.handelsgillet.TestCases.SideMenuEventsPageTestCase</td>
<td></td>
<td>25</td>
<td>com.handelsgillet.TestCases.SideMenuEventsPageTestCase@59f99ea</td></tr>
<tr>
<td title='com.handelsgillet.TestCases.SideMenuEventsPageTestCase.verifyCreateTags()'><b>verifyCreateTags</b><br>Test class: com.handelsgillet.TestCases.SideMenuEventsPageTestCase<br>Parameters: Pool Part, Pool, Finland, 22-Jun-2018, 22-Jun-2018, 31-Dec-1899, 31-Dec-1899, 80.0, John Cena, 30.0, what, Hello, enjoy</td>
<td></td>
<td>120</td>
<td>com.handelsgillet.TestCases.SideMenuEventsPageTestCase@59f99ea</td></tr>
<tr>
<td title='com.handelsgillet.TestCases.SideMenuEventsPageTestCase.verifyHGEventSearch()'><b>verifyHGEventSearch</b><br>Test class: com.handelsgillet.TestCases.SideMenuEventsPageTestCase</td>
<td></td>
<td>37</td>
<td>com.handelsgillet.TestCases.SideMenuEventsPageTestCase@59f99ea</td></tr>
<tr>
<td title='com.handelsgillet.TestCases.SideMenuEventsPageTestCase.verifyHGEventSearchByDate()'><b>verifyHGEventSearchByDate</b><br>Test class: com.handelsgillet.TestCases.SideMenuEventsPageTestCase</td>
<td></td>
<td>39</td>
<td>com.handelsgillet.TestCases.SideMenuEventsPageTestCase@59f99ea</td></tr>
<tr>
<td title='com.handelsgillet.TestCases.SideMenuEventsPageTestCase.verifygroupsSearchEventsType()'><b>verifygroupsSearchEventsType</b><br>Test class: com.handelsgillet.TestCases.SideMenuEventsPageTestCase</td>
<td></td>
<td>15</td>
<td>com.handelsgillet.TestCases.SideMenuEventsPageTestCase@59f99ea</td></tr>
</table><p>
</body>
</html>