<?xml version="1.0" encoding="UTF-8"?>
<!-- Generated by org.testng.reporters.JUnitXMLReporter -->
<testsuite hostname="DESKTOP-BKR93A7" ignored="9" name="Test" tests="5" failures="0" timestamp="03 Jul 2018 15:48:06 GMT" time="532.768" errors="0">
  <testcase name="verifyManageMemberSearch" time="25.781" classname="com.handelsgillet.TestCases.SideMenuManageMemberPageTestCase"/>
  <testcase name="homePageFeatures" time="16.899" classname="com.handelsgillet.TestCases.SideMenuHomePageTestCase"/>
  <testcase name="verifyCreateTags" time="15.392" classname="com.handelsgillet.TestCases.SideMenuManageTagsTestCase"/>
  <testcase name="verifyNewApplicationViewAndCancelClick" time="96.605" classname="com.handelsgillet.TestCases.SideMenuNewApplicationPageTestCase"/>
  <testcase name="verifygroupSearch" time="29.35" classname="com.handelsgillet.TestCases.SideMenuGroupsPageTestCase"/>
  <testcase name="verifyMemberTypeDeleteCancel" time="0.0" classname="com.handelsgillet.TestCases.SideMenuMemberTypeTestCase">
    <ignored/>
  </testcase> <!-- verifyMemberTypeDeleteCancel -->
  <testcase name="verifyEventAllTabNavigation" time="0.0" classname="com.handelsgillet.TestCases.SideMenuEventsPageTestCase">
    <ignored/>
  </testcase> <!-- verifyEventAllTabNavigation -->
  <testcase name="hgLogoTest" time="0.0" classname="com.handelsgillet.TestCases.LoginClubAdminPageTestCase">
    <ignored/>
  </testcase> <!-- hgLogoTest -->
  <testcase name="verifyMemberTypeDeleteYes" time="0.0" classname="com.handelsgillet.TestCases.SideMenuMemberTypeTestCase">
    <ignored/>
  </testcase> <!-- verifyMemberTypeDeleteYes -->
  <testcase name="verifyaddNewTypeandCreate" time="0.0" classname="com.handelsgillet.TestCases.SideMenuMemberTypeTestCase">
    <ignored/>
  </testcase> <!-- verifyaddNewTypeandCreate -->
  <testcase name="verifyGroupsDeleteAllYes" time="0.0" classname="com.handelsgillet.TestCases.SideMenuGroupsPageTestCase">
    <ignored/>
  </testcase> <!-- verifyGroupsDeleteAllYes -->
  <testcase name="hgLogoTest" time="0.0" classname="com.handelsgillet.TestCases.LoginMemberPageTestCase">
    <ignored/>
  </testcase> <!-- hgLogoTest -->
  <testcase name="hgLogoTest" time="0.0" classname="com.handelsgillet.TestCases.LoginPageTestCase">
    <ignored/>
  </testcase> <!-- hgLogoTest -->
  <testcase name="verifyMemberTypeSearch" time="0.0" classname="com.handelsgillet.TestCases.SideMenuMemberTypeTestCase">
    <ignored/>
  </testcase> <!-- verifyMemberTypeSearch -->
</testsuite> <!-- Test -->
