<?xml version="1.0" encoding="UTF-8"?>
<testng-results skipped="0" failed="1" ignored="8" total="9" passed="0">
  <reporter-output>
  </reporter-output>
  <suite name="Default suite" duration-ms="74116" started-at="2018-06-02T21:07:41Z" finished-at="2018-06-02T21:08:55Z">
    <groups>
    </groups>
    <test name="Default test" duration-ms="74116" started-at="2018-06-02T21:07:41Z" finished-at="2018-06-02T21:08:55Z">
      <class name="com.handelsgillet.TestCases.SideMenuManageMemberPageTestCase">
        <test-method status="PASS" signature="setUp()[pri:0, instance:com.handelsgillet.TestCases.SideMenuManageMemberPageTestCase@68c4039c]" name="setUp" is-config="true" duration-ms="32811" started-at="2018-06-03T02:37:41Z" finished-at="2018-06-03T02:38:13Z">
          <reporter-output>
          </reporter-output>
        </test-method> <!-- setUp -->
        <test-method status="FAIL" signature="verifyDetailsManageMemberClose()[pri:8, instance:com.handelsgillet.TestCases.SideMenuManageMemberPageTestCase@68c4039c]" name="verifyDetailsManageMemberClose" duration-ms="40337" started-at="2018-06-03T02:38:13Z" finished-at="2018-06-03T02:38:54Z">
          <exception class="java.lang.NullPointerException">
            <full-stacktrace>
              <![CDATA[java.lang.NullPointerExceptionat org.openqa.selenium.support.events.EventFiringWebDriver.extractInterfaces(EventFiringWebDriver.java:125)at org.openqa.selenium.support.events.EventFiringWebDriver.access$500(EventFiringWebDriver.java:70)at org.openqa.selenium.support.events.EventFiringWebDriver$EventFiringWebElement.<init>(EventFiringWebDriver.java:369)at org.openqa.selenium.support.events.EventFiringWebDriver$EventFiringWebElement.<init>(EventFiringWebDriver.java:361)at org.openqa.selenium.support.events.EventFiringWebDriver.createWebElement(EventFiringWebDriver.java:312)at org.openqa.selenium.support.events.EventFiringWebDriver.findElement(EventFiringWebDriver.java:195)at com.handelsgillet.pages.SideMenuManageMemberPage.detailsManageMemberClose(SideMenuManageMemberPage.java:238)at com.handelsgillet.TestCases.SideMenuManageMemberPageTestCase.verifyDetailsManageMemberClose(SideMenuManageMemberPageTestCase.java:143)at sun.reflect.NativeMethodAccessorImpl.invoke0(Native Method)at sun.reflect.NativeMethodAccessorImpl.invoke(Unknown Source)at sun.reflect.DelegatingMethodAccessorImpl.invoke(Unknown Source)at java.lang.reflect.Method.invoke(Unknown Source)at org.testng.internal.MethodInvocationHelper.invokeMethod(MethodInvocationHelper.java:124)at org.testng.internal.Invoker.invokeMethod(Invoker.java:571)at org.testng.internal.Invoker.invokeTestMethod(Invoker.java:707)at org.testng.internal.Invoker.invokeTestMethods(Invoker.java:979)at org.testng.internal.TestMethodWorker.invokeTestMethods(TestMethodWorker.java:125)at org.testng.internal.TestMethodWorker.run(TestMethodWorker.java:109)at org.testng.TestRunner.privateRun(TestRunner.java:648)at org.testng.TestRunner.run(TestRunner.java:505)at org.testng.SuiteRunner.runTest(SuiteRunner.java:455)at org.testng.SuiteRunner.runSequentially(SuiteRunner.java:450)at org.testng.SuiteRunner.privateRun(SuiteRunner.java:415)at org.testng.SuiteRunner.run(SuiteRunner.java:364)at org.testng.SuiteRunnerWorker.runSuite(SuiteRunnerWorker.java:52)at org.testng.SuiteRunnerWorker.run(SuiteRunnerWorker.java:84)at org.testng.TestNG.runSuitesSequentially(TestNG.java:1187)at org.testng.TestNG.runSuitesLocally(TestNG.java:1116)at org.testng.TestNG.runSuites(TestNG.java:1028)at org.testng.TestNG.run(TestNG.java:996)at org.testng.remote.AbstractRemoteTestNG.run(AbstractRemoteTestNG.java:114)at org.testng.remote.RemoteTestNG.initAndRun(RemoteTestNG.java:251)at org.testng.remote.RemoteTestNG.main(RemoteTestNG.java:77)]]>
            </full-stacktrace>
          </exception> <!-- java.lang.NullPointerException -->
          <reporter-output>
          </reporter-output>
        </test-method> <!-- verifyDetailsManageMemberClose -->
        <test-method status="PASS" signature="tearDown()[pri:0, instance:com.handelsgillet.TestCases.SideMenuManageMemberPageTestCase@68c4039c]" name="tearDown" is-config="true" duration-ms="910" started-at="2018-06-03T02:38:54Z" finished-at="2018-06-03T02:38:55Z">
          <reporter-output>
          </reporter-output>
        </test-method> <!-- tearDown -->
      </class> <!-- com.handelsgillet.TestCases.SideMenuManageMemberPageTestCase -->
    </test> <!-- Default test -->
  </suite> <!-- Default suite -->
</testng-results>
