<?xml version="1.0" encoding="UTF-8"?>
<testng-results skipped="0" failed="0" ignored="1" total="1" passed="0">
  <reporter-output>
  </reporter-output>
  <suite name="Default suite" duration-ms="13" started-at="2018-05-27T07:58:42Z" finished-at="2018-05-27T07:58:42Z">
    <groups>
    </groups>
    <test name="Default test" duration-ms="13" started-at="2018-05-27T07:58:42Z" finished-at="2018-05-27T07:58:42Z">
    </test> <!-- Default test -->
  </suite> <!-- Default suite -->
</testng-results>
