<?xml version="1.0" encoding="UTF-8"?>
<testng-results skipped="0" failed="0" ignored="7" total="8" passed="1">
  <reporter-output>
  </reporter-output>
  <suite name="Default suite" duration-ms="108322" started-at="2018-06-04T18:15:47Z" finished-at="2018-06-04T18:17:35Z">
    <groups>
    </groups>
    <test name="Default test" duration-ms="108322" started-at="2018-06-04T18:15:47Z" finished-at="2018-06-04T18:17:35Z">
      <class name="com.handelsgillet.TestCases.SideMenuGroupsPageTestCase">
        <test-method status="PASS" signature="setUp()[pri:0, instance:com.handelsgillet.TestCases.SideMenuGroupsPageTestCase@68c4039c]" name="setUp" is-config="true" duration-ms="80091" started-at="2018-06-04T23:45:47Z" finished-at="2018-06-04T23:47:07Z">
          <reporter-output>
          </reporter-output>
        </test-method> <!-- setUp -->
        <test-method status="PASS" signature="verifygoToSiteGroups()[pri:6, instance:com.handelsgillet.TestCases.SideMenuGroupsPageTestCase@68c4039c]" name="verifygoToSiteGroups" duration-ms="27224" started-at="2018-06-04T23:47:07Z" finished-at="2018-06-04T23:47:35Z">
          <reporter-output>
          </reporter-output>
        </test-method> <!-- verifygoToSiteGroups -->
        <test-method status="PASS" signature="tearDown()[pri:0, instance:com.handelsgillet.TestCases.SideMenuGroupsPageTestCase@68c4039c]" name="tearDown" is-config="true" duration-ms="955" started-at="2018-06-04T23:47:35Z" finished-at="2018-06-04T23:47:35Z">
          <reporter-output>
          </reporter-output>
        </test-method> <!-- tearDown -->
      </class> <!-- com.handelsgillet.TestCases.SideMenuGroupsPageTestCase -->
    </test> <!-- Default test -->
  </suite> <!-- Default suite -->
</testng-results>
