<?xml version="1.0" encoding="UTF-8"?>
<testng-results skipped="0" failed="1" ignored="0" total="15" passed="14">
  <reporter-output>
  </reporter-output>
  <suite name="Default suite" duration-ms="1382326" started-at="2018-07-01T20:48:51Z" finished-at="2018-07-01T21:11:53Z">
    <groups>
    </groups>
    <test name="Default test" duration-ms="1382326" started-at="2018-07-01T20:48:51Z" finished-at="2018-07-01T21:11:53Z">
      <class name="com.handelsgillet.TestCases.SideMenuEventsPageTestCase">
        <test-method status="PASS" signature="setUp()[pri:0, instance:com.handelsgillet.TestCases.SideMenuEventsPageTestCase@59f99ea]" name="setUp" is-config="true" duration-ms="39954" started-at="2018-07-02T02:18:51Z" finished-at="2018-07-02T02:19:31Z">
          <reporter-output>
          </reporter-output>
        </test-method> <!-- setUp -->
        <test-method status="FAIL" signature="verifyEventAllTabNavigation()[pri:0, instance:com.handelsgillet.TestCases.SideMenuEventsPageTestCase@59f99ea]" name="verifyEventAllTabNavigation" duration-ms="6779" started-at="2018-07-02T02:19:31Z" finished-at="2018-07-02T02:19:37Z">
          <exception class="org.openqa.selenium.WebDriverException">
            <message>
              <![CDATA[unknown error: Element <a _ngcontent-c9="" aria-expanded="false" aria-haspopup="true" class="dropdown-toggle" data-toggle="dropdown" role="tab" routerlinkactive="active" href="#/dashboard/manageevents/allevents">...</a> is not clickable at point (505, 138). Other element would receive the click: <h1 class="visible loading-text" style="z-index: 9999;">...</h1>  (Session info: chrome=67.0.3396.99)  (Driver info: chromedriver=2.36.540470 (e522d04694c7ebea4ba8821272dbef4f9b818c91),platform=Windows NT 10.0.16299 x86_64) (WARNING: The server did not provide any stacktrace information)Command duration or timeout: 0 millisecondsBuild info: version: '3.7.0', revision: '2321c73', time: '2017-11-02T22:22:35.584Z'System info: host: 'DESKTOP-BKR93A7', ip: '192.168.43.214', os.name: 'Windows 10', os.arch: 'amd64', os.version: '10.0', java.version: '1.8.0_151'Driver info: org.openqa.selenium.chrome.ChromeDriverCapabilities {acceptInsecureCerts: false, acceptSslCerts: false, applicationCacheEnabled: false, browserConnectionEnabled: false, browserName: chrome, chrome: {chromedriverVersion: 2.36.540470 (e522d04694c7eb..., userDataDir: C:\Users\prave\AppData\Loca...}, cssSelectorsEnabled: true, databaseEnabled: false, handlesAlerts: true, hasTouchScreen: false, javascriptEnabled: true, locationContextEnabled: true, mobileEmulationEnabled: false, nativeEvents: true, networkConnectionEnabled: false, pageLoadStrategy: normal, platform: XP, platformName: XP, rotatable: false, setWindowRect: true, takesHeapSnapshot: true, takesScreenshot: true, unexpectedAlertBehaviour: , unhandledPromptBehavior: , version: 67.0.3396.99, webStorageEnabled: true}Session ID: ae6161947c9e8b25df000e4249540282]]>
            </message>
            <full-stacktrace>
              <![CDATA[org.openqa.selenium.WebDriverException: unknown error: Element <a _ngcontent-c9="" aria-expanded="false" aria-haspopup="true" class="dropdown-toggle" data-toggle="dropdown" role="tab" routerlinkactive="active" href="#/dashboard/manageevents/allevents">...</a> is not clickable at point (505, 138). Other element would receive the click: <h1 class="visible loading-text" style="z-index: 9999;">...</h1>  (Session info: chrome=67.0.3396.99)  (Driver info: chromedriver=2.36.540470 (e522d04694c7ebea4ba8821272dbef4f9b818c91),platform=Windows NT 10.0.16299 x86_64) (WARNING: The server did not provide any stacktrace information)Command duration or timeout: 0 millisecondsBuild info: version: '3.7.0', revision: '2321c73', time: '2017-11-02T22:22:35.584Z'System info: host: 'DESKTOP-BKR93A7', ip: '192.168.43.214', os.name: 'Windows 10', os.arch: 'amd64', os.version: '10.0', java.version: '1.8.0_151'Driver info: org.openqa.selenium.chrome.ChromeDriverCapabilities {acceptInsecureCerts: false, acceptSslCerts: false, applicationCacheEnabled: false, browserConnectionEnabled: false, browserName: chrome, chrome: {chromedriverVersion: 2.36.540470 (e522d04694c7eb..., userDataDir: C:\Users\prave\AppData\Loca...}, cssSelectorsEnabled: true, databaseEnabled: false, handlesAlerts: true, hasTouchScreen: false, javascriptEnabled: true, locationContextEnabled: true, mobileEmulationEnabled: false, nativeEvents: true, networkConnectionEnabled: false, pageLoadStrategy: normal, platform: XP, platformName: XP, rotatable: false, setWindowRect: true, takesHeapSnapshot: true, takesScreenshot: true, unexpectedAlertBehaviour: , unhandledPromptBehavior: , version: 67.0.3396.99, webStorageEnabled: true}Session ID: ae6161947c9e8b25df000e4249540282at sun.reflect.NativeConstructorAccessorImpl.newInstance0(Native Method)at sun.reflect.NativeConstructorAccessorImpl.newInstance(Unknown Source)at sun.reflect.DelegatingConstructorAccessorImpl.newInstance(Unknown Source)at java.lang.reflect.Constructor.newInstance(Unknown Source)at org.openqa.selenium.remote.ErrorHandler.createThrowable(ErrorHandler.java:214)at org.openqa.selenium.remote.ErrorHandler.throwIfResponseFailed(ErrorHandler.java:166)at org.openqa.selenium.remote.http.JsonHttpResponseCodec.reconstructValue(JsonHttpResponseCodec.java:40)at org.openqa.selenium.remote.http.AbstractHttpResponseCodec.decode(AbstractHttpResponseCodec.java:80)at org.openqa.selenium.remote.http.AbstractHttpResponseCodec.decode(AbstractHttpResponseCodec.java:44)at org.openqa.selenium.remote.HttpCommandExecutor.execute(HttpCommandExecutor.java:164)at org.openqa.selenium.remote.service.DriverCommandExecutor.execute(DriverCommandExecutor.java:83)at org.openqa.selenium.remote.RemoteWebDriver.execute(RemoteWebDriver.java:600)at org.openqa.selenium.remote.RemoteWebElement.execute(RemoteWebElement.java:279)at org.openqa.selenium.remote.RemoteWebElement.click(RemoteWebElement.java:83)at sun.reflect.NativeMethodAccessorImpl.invoke0(Native Method)at sun.reflect.NativeMethodAccessorImpl.invoke(Unknown Source)at sun.reflect.DelegatingMethodAccessorImpl.invoke(Unknown Source)at java.lang.reflect.Method.invoke(Unknown Source)at org.openqa.selenium.support.events.EventFiringWebDriver$EventFiringWebElement$1.invoke(EventFiringWebDriver.java:376)at com.sun.proxy.$Proxy13.click(Unknown Source)at org.openqa.selenium.support.events.EventFiringWebDriver$EventFiringWebElement.click(EventFiringWebDriver.java:389)at sun.reflect.NativeMethodAccessorImpl.invoke0(Native Method)at sun.reflect.NativeMethodAccessorImpl.invoke(Unknown Source)at sun.reflect.DelegatingMethodAccessorImpl.invoke(Unknown Source)at java.lang.reflect.Method.invoke(Unknown Source)at org.openqa.selenium.support.pagefactory.internal.LocatingElementHandler.invoke(LocatingElementHandler.java:51)at com.sun.proxy.$Proxy12.click(Unknown Source)at com.handelsgillet.pages.SideMenuEventsPage.clickOnAllEventsMenu(SideMenuEventsPage.java:569)at com.handelsgillet.TestCases.SideMenuEventsPageTestCase.verifyEventAllTabNavigation(SideMenuEventsPageTestCase.java:48)at sun.reflect.NativeMethodAccessorImpl.invoke0(Native Method)at sun.reflect.NativeMethodAccessorImpl.invoke(Unknown Source)at sun.reflect.DelegatingMethodAccessorImpl.invoke(Unknown Source)at java.lang.reflect.Method.invoke(Unknown Source)at org.testng.internal.MethodInvocationHelper.invokeMethod(MethodInvocationHelper.java:124)at org.testng.internal.Invoker.invokeMethod(Invoker.java:571)at org.testng.internal.Invoker.invokeTestMethod(Invoker.java:707)at org.testng.internal.Invoker.invokeTestMethods(Invoker.java:979)at org.testng.internal.TestMethodWorker.invokeTestMethods(TestMethodWorker.java:125)at org.testng.internal.TestMethodWorker.run(TestMethodWorker.java:109)at org.testng.TestRunner.privateRun(TestRunner.java:648)at org.testng.TestRunner.run(TestRunner.java:505)at org.testng.SuiteRunner.runTest(SuiteRunner.java:455)at org.testng.SuiteRunner.runSequentially(SuiteRunner.java:450)at org.testng.SuiteRunner.privateRun(SuiteRunner.java:415)at org.testng.SuiteRunner.run(SuiteRunner.java:364)at org.testng.SuiteRunnerWorker.runSuite(SuiteRunnerWorker.java:52)at org.testng.SuiteRunnerWorker.run(SuiteRunnerWorker.java:84)at org.testng.TestNG.runSuitesSequentially(TestNG.java:1187)at org.testng.TestNG.runSuitesLocally(TestNG.java:1116)at org.testng.TestNG.runSuites(TestNG.java:1028)at org.testng.TestNG.run(TestNG.java:996)at org.testng.remote.AbstractRemoteTestNG.run(AbstractRemoteTestNG.java:114)at org.testng.remote.RemoteTestNG.initAndRun(RemoteTestNG.java:251)at org.testng.remote.RemoteTestNG.main(RemoteTestNG.java:77)]]>
            </full-stacktrace>
          </exception> <!-- org.openqa.selenium.WebDriverException -->
          <reporter-output>
          </reporter-output>
        </test-method> <!-- verifyEventAllTabNavigation -->
        <test-method status="PASS" signature="tearDown()[pri:0, instance:com.handelsgillet.TestCases.SideMenuEventsPageTestCase@59f99ea]" name="tearDown" is-config="true" duration-ms="785" started-at="2018-07-02T02:19:37Z" finished-at="2018-07-02T02:19:38Z">
          <reporter-output>
          </reporter-output>
        </test-method> <!-- tearDown -->
        <test-method status="PASS" signature="setUp()[pri:0, instance:com.handelsgillet.TestCases.SideMenuEventsPageTestCase@59f99ea]" name="setUp" is-config="true" duration-ms="44797" started-at="2018-07-02T02:19:39Z" finished-at="2018-07-02T02:20:24Z">
          <reporter-output>
          </reporter-output>
        </test-method> <!-- setUp -->
        <test-method status="PASS" signature="verifyCreateTags(java.lang.String, java.lang.String, java.lang.String, java.lang.String, java.lang.String, java.lang.String, java.lang.String, java.lang.String, java.lang.String, java.lang.String, java.lang.String, java.lang.String, java.lang.String)[pri:1, instance:com.handelsgillet.TestCases.SideMenuEventsPageTestCase@59f99ea]" name="verifyCreateTags" duration-ms="120070" started-at="2018-07-02T02:20:24Z" data-provider="getCreateEventTestData" finished-at="2018-07-02T02:22:24Z">
          <params>
            <param index="0">
              <value>
                <![CDATA[Pool Part]]>
              </value>
            </param>
            <param index="1">
              <value>
                <![CDATA[Pool]]>
              </value>
            </param>
            <param index="2">
              <value>
                <![CDATA[Finland]]>
              </value>
            </param>
            <param index="3">
              <value>
                <![CDATA[22-Jun-2018]]>
              </value>
            </param>
            <param index="4">
              <value>
                <![CDATA[22-Jun-2018]]>
              </value>
            </param>
            <param index="5">
              <value>
                <![CDATA[31-Dec-1899]]>
              </value>
            </param>
            <param index="6">
              <value>
                <![CDATA[31-Dec-1899]]>
              </value>
            </param>
            <param index="7">
              <value>
                <![CDATA[80.0]]>
              </value>
            </param>
            <param index="8">
              <value>
                <![CDATA[John Cena]]>
              </value>
            </param>
            <param index="9">
              <value>
                <![CDATA[30.0]]>
              </value>
            </param>
            <param index="10">
              <value>
                <![CDATA[what]]>
              </value>
            </param>
            <param index="11">
              <value>
                <![CDATA[Hello]]>
              </value>
            </param>
            <param index="12">
              <value>
                <![CDATA[enjoy]]>
              </value>
            </param>
          </params>
          <reporter-output>
          </reporter-output>
        </test-method> <!-- verifyCreateTags -->
        <test-method status="PASS" signature="tearDown()[pri:0, instance:com.handelsgillet.TestCases.SideMenuEventsPageTestCase@59f99ea]" name="tearDown" is-config="true" duration-ms="762" started-at="2018-07-02T02:22:24Z" finished-at="2018-07-02T02:22:25Z">
          <reporter-output>
          </reporter-output>
        </test-method> <!-- tearDown -->
        <test-method status="PASS" signature="setUp()[pri:0, instance:com.handelsgillet.TestCases.SideMenuEventsPageTestCase@59f99ea]" name="setUp" is-config="true" duration-ms="39193" started-at="2018-07-02T02:22:25Z" finished-at="2018-07-02T02:23:04Z">
          <reporter-output>
          </reporter-output>
        </test-method> <!-- setUp -->
        <test-method status="PASS" signature="verifyHGEventSearch()[pri:2, instance:com.handelsgillet.TestCases.SideMenuEventsPageTestCase@59f99ea]" name="verifyHGEventSearch" duration-ms="37700" started-at="2018-07-02T02:23:04Z" finished-at="2018-07-02T02:23:42Z">
          <reporter-output>
          </reporter-output>
        </test-method> <!-- verifyHGEventSearch -->
        <test-method status="PASS" signature="tearDown()[pri:0, instance:com.handelsgillet.TestCases.SideMenuEventsPageTestCase@59f99ea]" name="tearDown" is-config="true" duration-ms="834" started-at="2018-07-02T02:23:42Z" finished-at="2018-07-02T02:23:43Z">
          <reporter-output>
          </reporter-output>
        </test-method> <!-- tearDown -->
        <test-method status="PASS" signature="setUp()[pri:0, instance:com.handelsgillet.TestCases.SideMenuEventsPageTestCase@59f99ea]" name="setUp" is-config="true" duration-ms="40355" started-at="2018-07-02T02:23:43Z" finished-at="2018-07-02T02:24:23Z">
          <reporter-output>
          </reporter-output>
        </test-method> <!-- setUp -->
        <test-method status="PASS" signature="verifyHGEventSearchByDate()[pri:3, instance:com.handelsgillet.TestCases.SideMenuEventsPageTestCase@59f99ea]" name="verifyHGEventSearchByDate" duration-ms="39600" started-at="2018-07-02T02:24:23Z" finished-at="2018-07-02T02:25:03Z">
          <reporter-output>
          </reporter-output>
        </test-method> <!-- verifyHGEventSearchByDate -->
        <test-method status="PASS" signature="tearDown()[pri:0, instance:com.handelsgillet.TestCases.SideMenuEventsPageTestCase@59f99ea]" name="tearDown" is-config="true" duration-ms="778" started-at="2018-07-02T02:25:03Z" finished-at="2018-07-02T02:25:03Z">
          <reporter-output>
          </reporter-output>
        </test-method> <!-- tearDown -->
        <test-method status="PASS" signature="setUp()[pri:0, instance:com.handelsgillet.TestCases.SideMenuEventsPageTestCase@59f99ea]" name="setUp" is-config="true" duration-ms="39299" started-at="2018-07-02T02:25:03Z" finished-at="2018-07-02T02:25:43Z">
          <reporter-output>
          </reporter-output>
        </test-method> <!-- setUp -->
        <test-method status="PASS" signature="VerifyApplicationFormAndCancel()[pri:4, instance:com.handelsgillet.TestCases.SideMenuEventsPageTestCase@59f99ea]" name="VerifyApplicationFormAndCancel" duration-ms="23723" started-at="2018-07-02T02:25:43Z" finished-at="2018-07-02T02:26:06Z">
          <reporter-output>
          </reporter-output>
        </test-method> <!-- VerifyApplicationFormAndCancel -->
        <test-method status="PASS" signature="tearDown()[pri:0, instance:com.handelsgillet.TestCases.SideMenuEventsPageTestCase@59f99ea]" name="tearDown" is-config="true" duration-ms="790" started-at="2018-07-02T02:26:06Z" finished-at="2018-07-02T02:26:07Z">
          <reporter-output>
          </reporter-output>
        </test-method> <!-- tearDown -->
        <test-method status="PASS" signature="setUp()[pri:0, instance:com.handelsgillet.TestCases.SideMenuEventsPageTestCase@59f99ea]" name="setUp" is-config="true" duration-ms="38062" started-at="2018-07-02T02:26:07Z" finished-at="2018-07-02T02:26:45Z">
          <reporter-output>
          </reporter-output>
        </test-method> <!-- setUp -->
        <test-method status="PASS" signature="VerifyHGFormAndEdit_CancelApplication()[pri:5, instance:com.handelsgillet.TestCases.SideMenuEventsPageTestCase@59f99ea]" name="VerifyHGFormAndEdit_CancelApplication" duration-ms="168804" started-at="2018-07-02T02:26:45Z" finished-at="2018-07-02T02:29:34Z">
          <reporter-output>
          </reporter-output>
        </test-method> <!-- VerifyHGFormAndEdit_CancelApplication -->
        <test-method status="PASS" signature="tearDown()[pri:0, instance:com.handelsgillet.TestCases.SideMenuEventsPageTestCase@59f99ea]" name="tearDown" is-config="true" duration-ms="786" started-at="2018-07-02T02:29:34Z" finished-at="2018-07-02T02:29:35Z">
          <reporter-output>
          </reporter-output>
        </test-method> <!-- tearDown -->
        <test-method status="PASS" signature="setUp()[pri:0, instance:com.handelsgillet.TestCases.SideMenuEventsPageTestCase@59f99ea]" name="setUp" is-config="true" duration-ms="38635" started-at="2018-07-02T02:29:35Z" finished-at="2018-07-02T02:30:13Z">
          <reporter-output>
          </reporter-output>
        </test-method> <!-- setUp -->
        <test-method status="PASS" signature="VerifyHGEventFormAndEdit_UpdateApplication()[pri:6, instance:com.handelsgillet.TestCases.SideMenuEventsPageTestCase@59f99ea]" name="VerifyHGEventFormAndEdit_UpdateApplication" duration-ms="136793" started-at="2018-07-02T02:30:13Z" finished-at="2018-07-02T02:32:30Z">
          <reporter-output>
          </reporter-output>
        </test-method> <!-- VerifyHGEventFormAndEdit_UpdateApplication -->
        <test-method status="PASS" signature="tearDown()[pri:0, instance:com.handelsgillet.TestCases.SideMenuEventsPageTestCase@59f99ea]" name="tearDown" is-config="true" duration-ms="964" started-at="2018-07-02T02:32:30Z" finished-at="2018-07-02T02:32:31Z">
          <reporter-output>
          </reporter-output>
        </test-method> <!-- tearDown -->
        <test-method status="PASS" signature="setUp()[pri:0, instance:com.handelsgillet.TestCases.SideMenuEventsPageTestCase@59f99ea]" name="setUp" is-config="true" duration-ms="36799" started-at="2018-07-02T02:32:31Z" finished-at="2018-07-02T02:33:08Z">
          <reporter-output>
          </reporter-output>
        </test-method> <!-- setUp -->
        <test-method status="PASS" signature="VerifyHGEventFormQuestionare()[pri:7, instance:com.handelsgillet.TestCases.SideMenuEventsPageTestCase@59f99ea]" name="VerifyHGEventFormQuestionare" duration-ms="84834" started-at="2018-07-02T02:33:08Z" finished-at="2018-07-02T02:34:33Z">
          <reporter-output>
          </reporter-output>
        </test-method> <!-- VerifyHGEventFormQuestionare -->
        <test-method status="PASS" signature="tearDown()[pri:0, instance:com.handelsgillet.TestCases.SideMenuEventsPageTestCase@59f99ea]" name="tearDown" is-config="true" duration-ms="798" started-at="2018-07-02T02:34:33Z" finished-at="2018-07-02T02:34:34Z">
          <reporter-output>
          </reporter-output>
        </test-method> <!-- tearDown -->
        <test-method status="PASS" signature="setUp()[pri:0, instance:com.handelsgillet.TestCases.SideMenuEventsPageTestCase@59f99ea]" name="setUp" is-config="true" duration-ms="37355" started-at="2018-07-02T02:34:34Z" finished-at="2018-07-02T02:35:11Z">
          <reporter-output>
          </reporter-output>
        </test-method> <!-- setUp -->
        <test-method status="PASS" signature="VerifyHGEventFormInviteMember()[pri:8, instance:com.handelsgillet.TestCases.SideMenuEventsPageTestCase@59f99ea]" name="VerifyHGEventFormInviteMember" duration-ms="38632" started-at="2018-07-02T02:35:11Z" finished-at="2018-07-02T02:35:50Z">
          <reporter-output>
          </reporter-output>
        </test-method> <!-- VerifyHGEventFormInviteMember -->
        <test-method status="PASS" signature="tearDown()[pri:0, instance:com.handelsgillet.TestCases.SideMenuEventsPageTestCase@59f99ea]" name="tearDown" is-config="true" duration-ms="782" started-at="2018-07-02T02:35:50Z" finished-at="2018-07-02T02:35:50Z">
          <reporter-output>
          </reporter-output>
        </test-method> <!-- tearDown -->
        <test-method status="PASS" signature="setUp()[pri:0, instance:com.handelsgillet.TestCases.SideMenuEventsPageTestCase@59f99ea]" name="setUp" is-config="true" duration-ms="36907" started-at="2018-07-02T02:35:50Z" finished-at="2018-07-02T02:36:27Z">
          <reporter-output>
          </reporter-output>
        </test-method> <!-- setUp -->
        <test-method status="PASS" signature="verifyClickonMembersAndBackButton()[pri:9, instance:com.handelsgillet.TestCases.SideMenuEventsPageTestCase@59f99ea]" name="verifyClickonMembersAndBackButton" duration-ms="25008" started-at="2018-07-02T02:36:27Z" finished-at="2018-07-02T02:36:52Z">
          <reporter-output>
          </reporter-output>
        </test-method> <!-- verifyClickonMembersAndBackButton -->
        <test-method status="PASS" signature="tearDown()[pri:0, instance:com.handelsgillet.TestCases.SideMenuEventsPageTestCase@59f99ea]" name="tearDown" is-config="true" duration-ms="781" started-at="2018-07-02T02:36:52Z" finished-at="2018-07-02T02:36:53Z">
          <reporter-output>
          </reporter-output>
        </test-method> <!-- tearDown -->
        <test-method status="PASS" signature="setUp()[pri:0, instance:com.handelsgillet.TestCases.SideMenuEventsPageTestCase@59f99ea]" name="setUp" is-config="true" duration-ms="34772" started-at="2018-07-02T02:36:53Z" finished-at="2018-07-02T02:37:28Z">
          <reporter-output>
          </reporter-output>
        </test-method> <!-- setUp -->
        <test-method status="PASS" signature="verifyCancelEventAndNoButton()[pri:10, instance:com.handelsgillet.TestCases.SideMenuEventsPageTestCase@59f99ea]" name="verifyCancelEventAndNoButton" duration-ms="28036" started-at="2018-07-02T02:37:28Z" finished-at="2018-07-02T02:37:56Z">
          <reporter-output>
          </reporter-output>
        </test-method> <!-- verifyCancelEventAndNoButton -->
        <test-method status="PASS" signature="tearDown()[pri:0, instance:com.handelsgillet.TestCases.SideMenuEventsPageTestCase@59f99ea]" name="tearDown" is-config="true" duration-ms="849" started-at="2018-07-02T02:37:56Z" finished-at="2018-07-02T02:37:57Z">
          <reporter-output>
          </reporter-output>
        </test-method> <!-- tearDown -->
        <test-method status="PASS" signature="setUp()[pri:0, instance:com.handelsgillet.TestCases.SideMenuEventsPageTestCase@59f99ea]" name="setUp" is-config="true" duration-ms="36320" started-at="2018-07-02T02:37:57Z" finished-at="2018-07-02T02:38:33Z">
          <reporter-output>
          </reporter-output>
        </test-method> <!-- setUp -->
        <test-method status="PASS" signature="verifyCancelEventAndYesButton()[pri:11, instance:com.handelsgillet.TestCases.SideMenuEventsPageTestCase@59f99ea]" name="verifyCancelEventAndYesButton" duration-ms="31322" started-at="2018-07-02T02:38:33Z" finished-at="2018-07-02T02:39:04Z">
          <reporter-output>
          </reporter-output>
        </test-method> <!-- verifyCancelEventAndYesButton -->
        <test-method status="PASS" signature="tearDown()[pri:0, instance:com.handelsgillet.TestCases.SideMenuEventsPageTestCase@59f99ea]" name="tearDown" is-config="true" duration-ms="792" started-at="2018-07-02T02:39:04Z" finished-at="2018-07-02T02:39:05Z">
          <reporter-output>
          </reporter-output>
        </test-method> <!-- tearDown -->
        <test-method status="PASS" signature="setUp()[pri:0, instance:com.handelsgillet.TestCases.SideMenuEventsPageTestCase@59f99ea]" name="setUp" is-config="true" duration-ms="34359" started-at="2018-07-02T02:39:05Z" finished-at="2018-07-02T02:39:40Z">
          <reporter-output>
          </reporter-output>
        </test-method> <!-- setUp -->
        <test-method status="PASS" signature="verifygroupsSearchEventsType()[pri:12, instance:com.handelsgillet.TestCases.SideMenuEventsPageTestCase@59f99ea]" name="verifygroupsSearchEventsType" duration-ms="15579" started-at="2018-07-02T02:39:40Z" finished-at="2018-07-02T02:39:55Z">
          <reporter-output>
          </reporter-output>
        </test-method> <!-- verifygroupsSearchEventsType -->
        <test-method status="PASS" signature="tearDown()[pri:0, instance:com.handelsgillet.TestCases.SideMenuEventsPageTestCase@59f99ea]" name="tearDown" is-config="true" duration-ms="772" started-at="2018-07-02T02:39:55Z" finished-at="2018-07-02T02:39:56Z">
          <reporter-output>
          </reporter-output>
        </test-method> <!-- tearDown -->
        <test-method status="PASS" signature="setUp()[pri:0, instance:com.handelsgillet.TestCases.SideMenuEventsPageTestCase@59f99ea]" name="setUp" is-config="true" duration-ms="34424" started-at="2018-07-02T02:39:56Z" finished-at="2018-07-02T02:40:30Z">
          <reporter-output>
          </reporter-output>
        </test-method> <!-- setUp -->
        <test-method status="PASS" signature="verifyClickOnEventsTypeMenuCreateEventAndCancel()[pri:13, instance:com.handelsgillet.TestCases.SideMenuEventsPageTestCase@59f99ea]" name="verifyClickOnEventsTypeMenuCreateEventAndCancel" duration-ms="22258" started-at="2018-07-02T02:40:30Z" finished-at="2018-07-02T02:40:53Z">
          <reporter-output>
          </reporter-output>
        </test-method> <!-- verifyClickOnEventsTypeMenuCreateEventAndCancel -->
        <test-method status="PASS" signature="tearDown()[pri:0, instance:com.handelsgillet.TestCases.SideMenuEventsPageTestCase@59f99ea]" name="tearDown" is-config="true" duration-ms="757" started-at="2018-07-02T02:40:53Z" finished-at="2018-07-02T02:40:53Z">
          <reporter-output>
          </reporter-output>
        </test-method> <!-- tearDown -->
        <test-method status="PASS" signature="setUp()[pri:0, instance:com.handelsgillet.TestCases.SideMenuEventsPageTestCase@59f99ea]" name="setUp" is-config="true" duration-ms="36521" started-at="2018-07-02T02:40:53Z" finished-at="2018-07-02T02:41:30Z">
          <reporter-output>
          </reporter-output>
        </test-method> <!-- setUp -->
        <test-method status="PASS" signature="verifyClickOnEventsTypeMenuCreateEventAndCreate()[pri:14, instance:com.handelsgillet.TestCases.SideMenuEventsPageTestCase@59f99ea]" name="verifyClickOnEventsTypeMenuCreateEventAndCreate" duration-ms="22221" started-at="2018-07-02T02:41:30Z" finished-at="2018-07-02T02:41:52Z">
          <reporter-output>
          </reporter-output>
        </test-method> <!-- verifyClickOnEventsTypeMenuCreateEventAndCreate -->
        <test-method status="PASS" signature="tearDown()[pri:0, instance:com.handelsgillet.TestCases.SideMenuEventsPageTestCase@59f99ea]" name="tearDown" is-config="true" duration-ms="769" started-at="2018-07-02T02:41:52Z" finished-at="2018-07-02T02:41:53Z">
          <reporter-output>
          </reporter-output>
        </test-method> <!-- tearDown -->
      </class> <!-- com.handelsgillet.TestCases.SideMenuEventsPageTestCase -->
    </test> <!-- Default test -->
  </suite> <!-- Default suite -->
</testng-results>
