<?xml version="1.0" encoding="UTF-8"?>
<testng-results skipped="0" failed="0" ignored="3" total="5" passed="2">
  <reporter-output>
  </reporter-output>
  <suite name="Default suite" duration-ms="183256" started-at="2018-06-30T09:58:29Z" finished-at="2018-06-30T10:01:32Z">
    <groups>
    </groups>
    <test name="Default test" duration-ms="183256" started-at="2018-06-30T09:58:29Z" finished-at="2018-06-30T10:01:32Z">
      <class name="com.handelsgillet.TestCases.SideMenuManageMemberPageTestCase">
        <test-method status="PASS" signature="setUp()[pri:0, instance:com.handelsgillet.TestCases.SideMenuManageMemberPageTestCase@3532ec19]" name="setUp" is-config="true" duration-ms="62358" started-at="2018-06-30T15:28:29Z" finished-at="2018-06-30T15:29:31Z">
          <reporter-output>
          </reporter-output>
        </test-method> <!-- setUp -->
        <test-method status="PASS" signature="verifyDetailsManageMemberClubClose()[pri:8, instance:com.handelsgillet.TestCases.SideMenuManageMemberPageTestCase@3532ec19]" name="verifyDetailsManageMemberClubClose" duration-ms="28424" started-at="2018-06-30T15:29:31Z" finished-at="2018-06-30T15:29:59Z">
          <reporter-output>
          </reporter-output>
        </test-method> <!-- verifyDetailsManageMemberClubClose -->
        <test-method status="PASS" signature="tearDown()[pri:0, instance:com.handelsgillet.TestCases.SideMenuManageMemberPageTestCase@3532ec19]" name="tearDown" is-config="true" duration-ms="0" started-at="2018-06-30T15:29:59Z" finished-at="2018-06-30T15:29:59Z">
          <reporter-output>
          </reporter-output>
        </test-method> <!-- tearDown -->
        <test-method status="PASS" signature="setUp()[pri:0, instance:com.handelsgillet.TestCases.SideMenuManageMemberPageTestCase@3532ec19]" name="setUp" is-config="true" duration-ms="61017" started-at="2018-06-30T15:29:59Z" finished-at="2018-06-30T15:31:00Z">
          <reporter-output>
          </reporter-output>
        </test-method> <!-- setUp -->
        <test-method status="PASS" signature="verifyDetailsManageMemberGroupClose()[pri:8, instance:com.handelsgillet.TestCases.SideMenuManageMemberPageTestCase@3532ec19]" name="verifyDetailsManageMemberGroupClose" duration-ms="31372" started-at="2018-06-30T15:31:00Z" finished-at="2018-06-30T15:31:32Z">
          <reporter-output>
          </reporter-output>
        </test-method> <!-- verifyDetailsManageMemberGroupClose -->
        <test-method status="PASS" signature="tearDown()[pri:0, instance:com.handelsgillet.TestCases.SideMenuManageMemberPageTestCase@3532ec19]" name="tearDown" is-config="true" duration-ms="0" started-at="2018-06-30T15:31:32Z" finished-at="2018-06-30T15:31:32Z">
          <reporter-output>
          </reporter-output>
        </test-method> <!-- tearDown -->
      </class> <!-- com.handelsgillet.TestCases.SideMenuManageMemberPageTestCase -->
    </test> <!-- Default test -->
  </suite> <!-- Default suite -->
</testng-results>
