<?xml version="1.0" encoding="UTF-8"?>
<!-- Generated by org.testng.reporters.JUnitXMLReporter -->
<testsuite hostname="DESKTOP-BKR93A7" ignored="0" name="All Menu Option test case" tests="6" failures="0" timestamp="03 Jul 2018 19:34:49 GMT" time="308.664" errors="0">
  <testcase name="verifyMenuOmHandelsgilletTest" time="33.191" classname="com.handelsgillet.TestCases.HGLandingMenuPageTestCase"/>
  <testcase name="verifyMenuAktuelTest" time="0.353" classname="com.handelsgillet.TestCases.HGLandingMenuPageTestCase"/>
  <testcase name="verifyMenuLokaliteterTest" time="0.33" classname="com.handelsgillet.TestCases.HGLandingMenuPageTestCase"/>
  <testcase name="verifyMenuKlubbarTest" time="0.339" classname="com.handelsgillet.TestCases.HGLandingMenuPageTestCase"/>
  <testcase name="verifyMenuKontakTest" time="0.374" classname="com.handelsgillet.TestCases.HGLandingMenuPageTestCase"/>
  <testcase name="verifyMenuGilleMagazineTest" time="0.248" classname="com.handelsgillet.TestCases.HGLandingMenuPageTestCase"/>
</testsuite> <!-- All Menu Option test case -->
