<?xml version="1.0" encoding="UTF-8"?>
<!-- Generated by org.testng.reporters.JUnitXMLReporter -->
<testsuite hostname="DESKTOP-BKR93A7" ignored="1" name="Events test case" tests="14" failures="0" timestamp="03 Jul 2018 19:28:56 GMT" time="0.156" errors="0">
  <testcase name="@BeforeMethod setUp" time="0.008" classname="com.handelsgillet.TestCases.SideMenuEventsPageTestCase">
    <failure type="java.lang.IllegalStateException" message="The path to the driver executable must be set by the webdriver.chrome.driver system property; for more information, see https://github.com/SeleniumHQ/selenium/wiki/ChromeDriver. The latest version can be downloaded from http://chromedriver.storage.googleapis.com/index.html">
      <![CDATA[java.lang.IllegalStateException: The path to the driver executable must be set by the webdriver.chrome.driver system property; for more information, see https://github.com/SeleniumHQ/selenium/wiki/ChromeDriver. The latest version can be downloaded from http://chromedriver.storage.googleapis.com/index.htmlat com.google.common.base.Preconditions.checkState(Preconditions.java:754)at org.openqa.selenium.remote.service.DriverService.findExecutable(DriverService.java:124)at org.openqa.selenium.chrome.ChromeDriverService.access$000(ChromeDriverService.java:32)at org.openqa.selenium.chrome.ChromeDriverService$Builder.findDefaultExecutable(ChromeDriverService.java:137)at org.openqa.selenium.remote.service.DriverService$Builder.build(DriverService.java:329)at org.openqa.selenium.chrome.ChromeDriverService.createDefaultService(ChromeDriverService.java:88)at org.openqa.selenium.chrome.ChromeDriver.<init>(ChromeDriver.java:123)at com.handelsgillet.testBase.TestBase.initialization(TestBase.java:55)at com.handelsgillet.TestCases.SideMenuEventsPageTestCase.setUp(SideMenuEventsPageTestCase.java:34)at com.handelsgillet.TestCases.runer.main(runer.java:23)... Removed 25 stack frames]]>
    </failure>
  </testcase> <!-- @BeforeMethod setUp -->
  <testcase name="@AfterMethod tearDown" time="0.0" classname="com.handelsgillet.TestCases.SideMenuEventsPageTestCase">
    <skipped/>
  </testcase> <!-- @AfterMethod tearDown -->
  <testcase name="@BeforeMethod setUp" time="0.0" classname="com.handelsgillet.TestCases.SideMenuEventsPageTestCase">
    <skipped/>
  </testcase> <!-- @BeforeMethod setUp -->
  <testcase name="@AfterMethod tearDown" time="0.0" classname="com.handelsgillet.TestCases.SideMenuEventsPageTestCase">
    <skipped/>
  </testcase> <!-- @AfterMethod tearDown -->
  <testcase name="@BeforeMethod setUp" time="0.0" classname="com.handelsgillet.TestCases.SideMenuEventsPageTestCase">
    <skipped/>
  </testcase> <!-- @BeforeMethod setUp -->
  <testcase name="@AfterMethod tearDown" time="0.0" classname="com.handelsgillet.TestCases.SideMenuEventsPageTestCase">
    <skipped/>
  </testcase> <!-- @AfterMethod tearDown -->
  <testcase name="@BeforeMethod setUp" time="0.0" classname="com.handelsgillet.TestCases.SideMenuEventsPageTestCase">
    <skipped/>
  </testcase> <!-- @BeforeMethod setUp -->
  <testcase name="@AfterMethod tearDown" time="0.0" classname="com.handelsgillet.TestCases.SideMenuEventsPageTestCase">
    <skipped/>
  </testcase> <!-- @AfterMethod tearDown -->
  <testcase name="@BeforeMethod setUp" time="0.0" classname="com.handelsgillet.TestCases.SideMenuEventsPageTestCase">
    <skipped/>
  </testcase> <!-- @BeforeMethod setUp -->
  <testcase name="@AfterMethod tearDown" time="0.0" classname="com.handelsgillet.TestCases.SideMenuEventsPageTestCase">
    <skipped/>
  </testcase> <!-- @AfterMethod tearDown -->
  <testcase name="@BeforeMethod setUp" time="0.0" classname="com.handelsgillet.TestCases.SideMenuEventsPageTestCase">
    <skipped/>
  </testcase> <!-- @BeforeMethod setUp -->
  <testcase name="@AfterMethod tearDown" time="0.0" classname="com.handelsgillet.TestCases.SideMenuEventsPageTestCase">
    <skipped/>
  </testcase> <!-- @AfterMethod tearDown -->
  <testcase name="@BeforeMethod setUp" time="0.0" classname="com.handelsgillet.TestCases.SideMenuEventsPageTestCase">
    <skipped/>
  </testcase> <!-- @BeforeMethod setUp -->
  <testcase name="@AfterMethod tearDown" time="0.0" classname="com.handelsgillet.TestCases.SideMenuEventsPageTestCase">
    <skipped/>
  </testcase> <!-- @AfterMethod tearDown -->
  <testcase name="@BeforeMethod setUp" time="0.0" classname="com.handelsgillet.TestCases.SideMenuEventsPageTestCase">
    <skipped/>
  </testcase> <!-- @BeforeMethod setUp -->
  <testcase name="@AfterMethod tearDown" time="0.0" classname="com.handelsgillet.TestCases.SideMenuEventsPageTestCase">
    <skipped/>
  </testcase> <!-- @AfterMethod tearDown -->
  <testcase name="@BeforeMethod setUp" time="0.0" classname="com.handelsgillet.TestCases.SideMenuEventsPageTestCase">
    <skipped/>
  </testcase> <!-- @BeforeMethod setUp -->
  <testcase name="@AfterMethod tearDown" time="0.0" classname="com.handelsgillet.TestCases.SideMenuEventsPageTestCase">
    <skipped/>
  </testcase> <!-- @AfterMethod tearDown -->
  <testcase name="@BeforeMethod setUp" time="0.0" classname="com.handelsgillet.TestCases.SideMenuEventsPageTestCase">
    <skipped/>
  </testcase> <!-- @BeforeMethod setUp -->
  <testcase name="@AfterMethod tearDown" time="0.0" classname="com.handelsgillet.TestCases.SideMenuEventsPageTestCase">
    <skipped/>
  </testcase> <!-- @AfterMethod tearDown -->
  <testcase name="@BeforeMethod setUp" time="0.0" classname="com.handelsgillet.TestCases.SideMenuEventsPageTestCase">
    <skipped/>
  </testcase> <!-- @BeforeMethod setUp -->
  <testcase name="@AfterMethod tearDown" time="0.0" classname="com.handelsgillet.TestCases.SideMenuEventsPageTestCase">
    <skipped/>
  </testcase> <!-- @AfterMethod tearDown -->
  <testcase name="@BeforeMethod setUp" time="0.0" classname="com.handelsgillet.TestCases.SideMenuEventsPageTestCase">
    <skipped/>
  </testcase> <!-- @BeforeMethod setUp -->
  <testcase name="@AfterMethod tearDown" time="0.0" classname="com.handelsgillet.TestCases.SideMenuEventsPageTestCase">
    <skipped/>
  </testcase> <!-- @AfterMethod tearDown -->
  <testcase name="@BeforeMethod setUp" time="0.0" classname="com.handelsgillet.TestCases.SideMenuEventsPageTestCase">
    <skipped/>
  </testcase> <!-- @BeforeMethod setUp -->
  <testcase name="@AfterMethod tearDown" time="0.0" classname="com.handelsgillet.TestCases.SideMenuEventsPageTestCase">
    <skipped/>
  </testcase> <!-- @AfterMethod tearDown -->
  <testcase name="@BeforeMethod setUp" time="0.0" classname="com.handelsgillet.TestCases.SideMenuEventsPageTestCase">
    <skipped/>
  </testcase> <!-- @BeforeMethod setUp -->
  <testcase name="@AfterMethod tearDown" time="0.0" classname="com.handelsgillet.TestCases.SideMenuEventsPageTestCase">
    <skipped/>
  </testcase> <!-- @AfterMethod tearDown -->
  <testcase name="verifyCreateTags" time="0.0" classname="com.handelsgillet.TestCases.SideMenuEventsPageTestCase">
    <skipped/>
  </testcase> <!-- verifyCreateTags -->
  <testcase name="verifyHGEventSearch" time="0.0" classname="com.handelsgillet.TestCases.SideMenuEventsPageTestCase">
    <skipped/>
  </testcase> <!-- verifyHGEventSearch -->
  <testcase name="verifyHGEventSearchByDate" time="0.0" classname="com.handelsgillet.TestCases.SideMenuEventsPageTestCase">
    <skipped/>
  </testcase> <!-- verifyHGEventSearchByDate -->
  <testcase name="VerifyApplicationFormAndCancel" time="0.0" classname="com.handelsgillet.TestCases.SideMenuEventsPageTestCase">
    <skipped/>
  </testcase> <!-- VerifyApplicationFormAndCancel -->
  <testcase name="VerifyHGFormAndEdit_CancelApplication" time="0.0" classname="com.handelsgillet.TestCases.SideMenuEventsPageTestCase">
    <skipped/>
  </testcase> <!-- VerifyHGFormAndEdit_CancelApplication -->
  <testcase name="VerifyHGEventFormAndEdit_UpdateApplication" time="0.0" classname="com.handelsgillet.TestCases.SideMenuEventsPageTestCase">
    <skipped/>
  </testcase> <!-- VerifyHGEventFormAndEdit_UpdateApplication -->
  <testcase name="VerifyHGEventFormQuestionare" time="0.0" classname="com.handelsgillet.TestCases.SideMenuEventsPageTestCase">
    <skipped/>
  </testcase> <!-- VerifyHGEventFormQuestionare -->
  <testcase name="VerifyHGEventFormInviteMember" time="0.0" classname="com.handelsgillet.TestCases.SideMenuEventsPageTestCase">
    <skipped/>
  </testcase> <!-- VerifyHGEventFormInviteMember -->
  <testcase name="verifyClickonMembersAndBackButton" time="0.0" classname="com.handelsgillet.TestCases.SideMenuEventsPageTestCase">
    <skipped/>
  </testcase> <!-- verifyClickonMembersAndBackButton -->
  <testcase name="verifyCancelEventAndNoButton" time="0.0" classname="com.handelsgillet.TestCases.SideMenuEventsPageTestCase">
    <skipped/>
  </testcase> <!-- verifyCancelEventAndNoButton -->
  <testcase name="verifyCancelEventAndYesButton" time="0.0" classname="com.handelsgillet.TestCases.SideMenuEventsPageTestCase">
    <skipped/>
  </testcase> <!-- verifyCancelEventAndYesButton -->
  <testcase name="verifygroupsSearchEventsType" time="0.0" classname="com.handelsgillet.TestCases.SideMenuEventsPageTestCase">
    <skipped/>
  </testcase> <!-- verifygroupsSearchEventsType -->
  <testcase name="verifyClickOnEventsTypeMenuCreateEventAndCancel" time="0.0" classname="com.handelsgillet.TestCases.SideMenuEventsPageTestCase">
    <skipped/>
  </testcase> <!-- verifyClickOnEventsTypeMenuCreateEventAndCancel -->
  <testcase name="verifyClickOnEventsTypeMenuCreateEventAndCreate" time="0.0" classname="com.handelsgillet.TestCases.SideMenuEventsPageTestCase">
    <skipped/>
  </testcase> <!-- verifyClickOnEventsTypeMenuCreateEventAndCreate -->
  <testcase name="verifyEventAllTabNavigation" time="0.0" classname="com.handelsgillet.TestCases.SideMenuEventsPageTestCase">
    <ignored/>
  </testcase> <!-- verifyEventAllTabNavigation -->
</testsuite> <!-- Events test case -->
