<?xml version="1.0" encoding="UTF-8"?>
<!-- Generated by org.testng.reporters.JUnitXMLReporter -->
<testsuite hostname="DESKTOP-BKR93A7" ignored="11" name="Events test case" tests="4" failures="0" timestamp="01 Jul 2018 19:34:45 GMT" time="364.907" errors="0">
  <testcase name="VerifyHGEventFormInviteMember" time="38.875" classname="com.handelsgillet.TestCases.SideMenuEventsPageTestCase"/>
  <testcase name="verifygroupsSearchEventsType" time="15.859" classname="com.handelsgillet.TestCases.SideMenuEventsPageTestCase"/>
  <testcase name="verifyClickOnEventsTypeMenuCreateEventAndCancel" time="22.409" classname="com.handelsgillet.TestCases.SideMenuEventsPageTestCase"/>
  <testcase name="verifyClickOnEventsTypeMenuCreateEventAndCreate" time="22.374" classname="com.handelsgillet.TestCases.SideMenuEventsPageTestCase"/>
  <testcase name="verifyHGEventSearchByDate" time="0.0" classname="com.handelsgillet.TestCases.SideMenuEventsPageTestCase">
    <ignored/>
  </testcase> <!-- verifyHGEventSearchByDate -->
  <testcase name="verifyEventAllTabNavigation" time="0.0" classname="com.handelsgillet.TestCases.SideMenuEventsPageTestCase">
    <ignored/>
  </testcase> <!-- verifyEventAllTabNavigation -->
  <testcase name="VerifyHGEventFormAndEdit_UpdateApplication" time="0.0" classname="com.handelsgillet.TestCases.SideMenuEventsPageTestCase">
    <ignored/>
  </testcase> <!-- VerifyHGEventFormAndEdit_UpdateApplication -->
  <testcase name="verifyClickonMembersAndBackButton" time="0.0" classname="com.handelsgillet.TestCases.SideMenuEventsPageTestCase">
    <ignored/>
  </testcase> <!-- verifyClickonMembersAndBackButton -->
  <testcase name="verifyCreateTags" time="0.0" classname="com.handelsgillet.TestCases.SideMenuEventsPageTestCase">
    <ignored/>
  </testcase> <!-- verifyCreateTags -->
  <testcase name="VerifyHGEventFormQuestionare" time="0.0" classname="com.handelsgillet.TestCases.SideMenuEventsPageTestCase">
    <ignored/>
  </testcase> <!-- VerifyHGEventFormQuestionare -->
  <testcase name="VerifyApplicationFormAndCancel" time="0.0" classname="com.handelsgillet.TestCases.SideMenuEventsPageTestCase">
    <ignored/>
  </testcase> <!-- VerifyApplicationFormAndCancel -->
  <testcase name="verifyCancelEventAndYesButton" time="0.0" classname="com.handelsgillet.TestCases.SideMenuEventsPageTestCase">
    <ignored/>
  </testcase> <!-- verifyCancelEventAndYesButton -->
  <testcase name="verifyHGEventSearch" time="0.0" classname="com.handelsgillet.TestCases.SideMenuEventsPageTestCase">
    <ignored/>
  </testcase> <!-- verifyHGEventSearch -->
  <testcase name="VerifyHGFormAndEdit_CancelApplication" time="0.0" classname="com.handelsgillet.TestCases.SideMenuEventsPageTestCase">
    <ignored/>
  </testcase> <!-- VerifyHGFormAndEdit_CancelApplication -->
  <testcase name="verifyCancelEventAndNoButton" time="0.0" classname="com.handelsgillet.TestCases.SideMenuEventsPageTestCase">
    <ignored/>
  </testcase> <!-- verifyCancelEventAndNoButton -->
</testsuite> <!-- Events test case -->
