<?xml version="1.0" encoding="UTF-8"?>
<!-- Generated by org.testng.reporters.JUnitXMLReporter -->
<testsuite hostname="DESKTOP-BKR93A7" ignored="1" name="Groups test case" tests="15" failures="0" timestamp="03 Jul 2018 19:28:56 GMT" time="0.018" errors="0">
  <testcase name="@BeforeMethod setUp" time="0.006" classname="com.handelsgillet.TestCases.SideMenuGroupsPageTestCase">
    <failure type="java.lang.IllegalStateException" message="The path to the driver executable must be set by the webdriver.chrome.driver system property; for more information, see https://github.com/SeleniumHQ/selenium/wiki/ChromeDriver. The latest version can be downloaded from http://chromedriver.storage.googleapis.com/index.html">
      <![CDATA[java.lang.IllegalStateException: The path to the driver executable must be set by the webdriver.chrome.driver system property; for more information, see https://github.com/SeleniumHQ/selenium/wiki/ChromeDriver. The latest version can be downloaded from http://chromedriver.storage.googleapis.com/index.htmlat com.google.common.base.Preconditions.checkState(Preconditions.java:754)at org.openqa.selenium.remote.service.DriverService.findExecutable(DriverService.java:124)at org.openqa.selenium.chrome.ChromeDriverService.access$000(ChromeDriverService.java:32)at org.openqa.selenium.chrome.ChromeDriverService$Builder.findDefaultExecutable(ChromeDriverService.java:137)at org.openqa.selenium.remote.service.DriverService$Builder.build(DriverService.java:329)at org.openqa.selenium.chrome.ChromeDriverService.createDefaultService(ChromeDriverService.java:88)at org.openqa.selenium.chrome.ChromeDriver.<init>(ChromeDriver.java:123)at com.handelsgillet.testBase.TestBase.initialization(TestBase.java:55)at com.handelsgillet.TestCases.SideMenuGroupsPageTestCase.setUp(SideMenuGroupsPageTestCase.java:28)at com.handelsgillet.TestCases.runer.main(runer.java:23)... Removed 25 stack frames]]>
    </failure>
  </testcase> <!-- @BeforeMethod setUp -->
  <testcase name="@AfterMethod tearDown" time="0.0" classname="com.handelsgillet.TestCases.SideMenuGroupsPageTestCase">
    <skipped/>
  </testcase> <!-- @AfterMethod tearDown -->
  <testcase name="@BeforeMethod setUp" time="0.0" classname="com.handelsgillet.TestCases.SideMenuGroupsPageTestCase">
    <skipped/>
  </testcase> <!-- @BeforeMethod setUp -->
  <testcase name="@AfterMethod tearDown" time="0.0" classname="com.handelsgillet.TestCases.SideMenuGroupsPageTestCase">
    <skipped/>
  </testcase> <!-- @AfterMethod tearDown -->
  <testcase name="@BeforeMethod setUp" time="0.0" classname="com.handelsgillet.TestCases.SideMenuGroupsPageTestCase">
    <skipped/>
  </testcase> <!-- @BeforeMethod setUp -->
  <testcase name="@AfterMethod tearDown" time="0.0" classname="com.handelsgillet.TestCases.SideMenuGroupsPageTestCase">
    <skipped/>
  </testcase> <!-- @AfterMethod tearDown -->
  <testcase name="@BeforeMethod setUp" time="0.0" classname="com.handelsgillet.TestCases.SideMenuGroupsPageTestCase">
    <skipped/>
  </testcase> <!-- @BeforeMethod setUp -->
  <testcase name="@AfterMethod tearDown" time="0.0" classname="com.handelsgillet.TestCases.SideMenuGroupsPageTestCase">
    <skipped/>
  </testcase> <!-- @AfterMethod tearDown -->
  <testcase name="@BeforeMethod setUp" time="0.0" classname="com.handelsgillet.TestCases.SideMenuGroupsPageTestCase">
    <skipped/>
  </testcase> <!-- @BeforeMethod setUp -->
  <testcase name="@AfterMethod tearDown" time="0.0" classname="com.handelsgillet.TestCases.SideMenuGroupsPageTestCase">
    <skipped/>
  </testcase> <!-- @AfterMethod tearDown -->
  <testcase name="@BeforeMethod setUp" time="0.0" classname="com.handelsgillet.TestCases.SideMenuGroupsPageTestCase">
    <skipped/>
  </testcase> <!-- @BeforeMethod setUp -->
  <testcase name="@AfterMethod tearDown" time="0.0" classname="com.handelsgillet.TestCases.SideMenuGroupsPageTestCase">
    <skipped/>
  </testcase> <!-- @AfterMethod tearDown -->
  <testcase name="@BeforeMethod setUp" time="0.0" classname="com.handelsgillet.TestCases.SideMenuGroupsPageTestCase">
    <skipped/>
  </testcase> <!-- @BeforeMethod setUp -->
  <testcase name="@AfterMethod tearDown" time="0.0" classname="com.handelsgillet.TestCases.SideMenuGroupsPageTestCase">
    <skipped/>
  </testcase> <!-- @AfterMethod tearDown -->
  <testcase name="@BeforeMethod setUp" time="0.0" classname="com.handelsgillet.TestCases.SideMenuGroupsPageTestCase">
    <skipped/>
  </testcase> <!-- @BeforeMethod setUp -->
  <testcase name="@AfterMethod tearDown" time="0.0" classname="com.handelsgillet.TestCases.SideMenuGroupsPageTestCase">
    <skipped/>
  </testcase> <!-- @AfterMethod tearDown -->
  <testcase name="@BeforeMethod setUp" time="0.0" classname="com.handelsgillet.TestCases.SideMenuGroupsPageTestCase">
    <skipped/>
  </testcase> <!-- @BeforeMethod setUp -->
  <testcase name="@AfterMethod tearDown" time="0.0" classname="com.handelsgillet.TestCases.SideMenuGroupsPageTestCase">
    <skipped/>
  </testcase> <!-- @AfterMethod tearDown -->
  <testcase name="@BeforeMethod setUp" time="0.0" classname="com.handelsgillet.TestCases.SideMenuGroupsPageTestCase">
    <skipped/>
  </testcase> <!-- @BeforeMethod setUp -->
  <testcase name="@AfterMethod tearDown" time="0.0" classname="com.handelsgillet.TestCases.SideMenuGroupsPageTestCase">
    <skipped/>
  </testcase> <!-- @AfterMethod tearDown -->
  <testcase name="@BeforeMethod setUp" time="0.0" classname="com.handelsgillet.TestCases.SideMenuGroupsPageTestCase">
    <skipped/>
  </testcase> <!-- @BeforeMethod setUp -->
  <testcase name="@AfterMethod tearDown" time="0.0" classname="com.handelsgillet.TestCases.SideMenuGroupsPageTestCase">
    <skipped/>
  </testcase> <!-- @AfterMethod tearDown -->
  <testcase name="@BeforeMethod setUp" time="0.0" classname="com.handelsgillet.TestCases.SideMenuGroupsPageTestCase">
    <skipped/>
  </testcase> <!-- @BeforeMethod setUp -->
  <testcase name="@AfterMethod tearDown" time="0.0" classname="com.handelsgillet.TestCases.SideMenuGroupsPageTestCase">
    <skipped/>
  </testcase> <!-- @AfterMethod tearDown -->
  <testcase name="@BeforeMethod setUp" time="0.0" classname="com.handelsgillet.TestCases.SideMenuGroupsPageTestCase">
    <skipped/>
  </testcase> <!-- @BeforeMethod setUp -->
  <testcase name="@AfterMethod tearDown" time="0.0" classname="com.handelsgillet.TestCases.SideMenuGroupsPageTestCase">
    <skipped/>
  </testcase> <!-- @AfterMethod tearDown -->
  <testcase name="@BeforeMethod setUp" time="0.0" classname="com.handelsgillet.TestCases.SideMenuGroupsPageTestCase">
    <skipped/>
  </testcase> <!-- @BeforeMethod setUp -->
  <testcase name="@AfterMethod tearDown" time="0.0" classname="com.handelsgillet.TestCases.SideMenuGroupsPageTestCase">
    <skipped/>
  </testcase> <!-- @AfterMethod tearDown -->
  <testcase name="@BeforeMethod setUp" time="0.0" classname="com.handelsgillet.TestCases.SideMenuGroupsPageTestCase">
    <skipped/>
  </testcase> <!-- @BeforeMethod setUp -->
  <testcase name="@AfterMethod tearDown" time="0.0" classname="com.handelsgillet.TestCases.SideMenuGroupsPageTestCase">
    <skipped/>
  </testcase> <!-- @AfterMethod tearDown -->
  <testcase name="verifygroupSearch" time="0.0" classname="com.handelsgillet.TestCases.SideMenuGroupsPageTestCase">
    <skipped/>
  </testcase> <!-- verifygroupSearch -->
  <testcase name="verifyViewGroupAndBack" time="0.0" classname="com.handelsgillet.TestCases.SideMenuGroupsPageTestCase">
    <skipped/>
  </testcase> <!-- verifyViewGroupAndBack -->
  <testcase name="verifyViewGuoupEditCancel" time="0.0" classname="com.handelsgillet.TestCases.SideMenuGroupsPageTestCase">
    <skipped/>
  </testcase> <!-- verifyViewGuoupEditCancel -->
  <testcase name="verifyViewGuoupAndEditUpdate" time="0.0" classname="com.handelsgillet.TestCases.SideMenuGroupsPageTestCase">
    <skipped/>
  </testcase> <!-- verifyViewGuoupAndEditUpdate -->
  <testcase name="verifyGroupDeleteNo" time="0.0" classname="com.handelsgillet.TestCases.SideMenuGroupsPageTestCase">
    <skipped/>
  </testcase> <!-- verifyGroupDeleteNo -->
  <testcase name="verifyGroupsDeleteYes" time="0.0" classname="com.handelsgillet.TestCases.SideMenuGroupsPageTestCase">
    <skipped/>
  </testcase> <!-- verifyGroupsDeleteYes -->
  <testcase name="verifygoToSiteGroups" time="0.0" classname="com.handelsgillet.TestCases.SideMenuGroupsPageTestCase">
    <skipped/>
  </testcase> <!-- verifygoToSiteGroups -->
  <testcase name="verifyClubSearch" time="0.0" classname="com.handelsgillet.TestCases.SideMenuGroupsPageTestCase">
    <skipped/>
  </testcase> <!-- verifyClubSearch -->
  <testcase name="verifyViewClubAndBack" time="0.0" classname="com.handelsgillet.TestCases.SideMenuGroupsPageTestCase">
    <skipped/>
  </testcase> <!-- verifyViewClubAndBack -->
  <testcase name="verifyViewClubEditCancel" time="0.0" classname="com.handelsgillet.TestCases.SideMenuGroupsPageTestCase">
    <skipped/>
  </testcase> <!-- verifyViewClubEditCancel -->
  <testcase name="verifyViewClubAndEditUpdate" time="0.0" classname="com.handelsgillet.TestCases.SideMenuGroupsPageTestCase">
    <skipped/>
  </testcase> <!-- verifyViewClubAndEditUpdate -->
  <testcase name="verifyClubDeleteNo" time="0.0" classname="com.handelsgillet.TestCases.SideMenuGroupsPageTestCase">
    <skipped/>
  </testcase> <!-- verifyClubDeleteNo -->
  <testcase name="verifyClubDeleteYes" time="0.0" classname="com.handelsgillet.TestCases.SideMenuGroupsPageTestCase">
    <skipped/>
  </testcase> <!-- verifyClubDeleteYes -->
  <testcase name="verifyClubDeleteAllYes" time="0.0" classname="com.handelsgillet.TestCases.SideMenuGroupsPageTestCase">
    <skipped/>
  </testcase> <!-- verifyClubDeleteAllYes -->
  <testcase name="verifygoToSiteClubs" time="0.0" classname="com.handelsgillet.TestCases.SideMenuGroupsPageTestCase">
    <skipped/>
  </testcase> <!-- verifygoToSiteClubs -->
  <testcase name="verifyGroupsDeleteAllYes" time="0.0" classname="com.handelsgillet.TestCases.SideMenuGroupsPageTestCase">
    <ignored/>
  </testcase> <!-- verifyGroupsDeleteAllYes -->
</testsuite> <!-- Groups test case -->
