<?xml version="1.0" encoding="UTF-8"?>
<!-- Generated by org.testng.reporters.JUnitXMLReporter -->
<testsuite hostname="DESKTOP-BKR93A7" ignored="3" name="Manage Member test case" tests="2" failures="0" timestamp="01 Jul 2018 19:05:15 GMT" time="174.569" errors="0">
  <testcase name="verifyDetailsManageMemberClubClose" time="24.337" classname="com.handelsgillet.TestCases.SideMenuManageMemberPageTestCase"/>
  <testcase name="verifyDetailsManageMemberGroupClose" time="30.625" classname="com.handelsgillet.TestCases.SideMenuManageMemberPageTestCase"/>
  <testcase name="verifysubscriptionManageMemberClose" time="0.0" classname="com.handelsgillet.TestCases.SideMenuManageMemberPageTestCase">
    <ignored/>
  </testcase> <!-- verifysubscriptionManageMemberClose -->
  <testcase name="verifysubscriptionManageMembersendInvoiceButton" time="0.0" classname="com.handelsgillet.TestCases.SideMenuManageMemberPageTestCase">
    <ignored/>
  </testcase> <!-- verifysubscriptionManageMembersendInvoiceButton -->
  <testcase name="verifyManageMemberSearch" time="0.0" classname="com.handelsgillet.TestCases.SideMenuManageMemberPageTestCase">
    <ignored/>
  </testcase> <!-- verifyManageMemberSearch -->
</testsuite> <!-- Manage Member test case -->
