<?xml version="1.0" encoding="UTF-8"?>
<!-- Generated by org.testng.reporters.JUnitXMLReporter -->
<testsuite hostname="DESKTOP-BKR93A7" ignored="0" name="New Application test case" tests="5" failures="0" timestamp="01 Jul 2018 19:02:20 GMT" time="791.534" errors="0">
  <testcase name="verifyNewApplicationViewAndCancelClick" time="97.861" classname="com.handelsgillet.TestCases.SideMenuNewApplicationPageTestCase"/>
  <testcase name="verifyNewApplicationViewAndAcceptApplication" time="36.803" classname="com.handelsgillet.TestCases.SideMenuNewApplicationPageTestCase"/>
  <testcase name="verifyNewApplicationViewAndDeleteApplication" time="37.079" classname="com.handelsgillet.TestCases.SideMenuNewApplicationPageTestCase"/>
  <testcase name="verifyNewApplicationViewAndEditCancelApplication" time="133.884" classname="com.handelsgillet.TestCases.SideMenuNewApplicationPageTestCase"/>
  <testcase name="VerifyApplicationFormAndEdit_SaveApplication" time="160.134" classname="com.handelsgillet.TestCases.SideMenuNewApplicationPageTestCase"/>
</testsuite> <!-- New Application test case -->
