<?xml version="1.0" encoding="UTF-8"?>
<!-- Generated by org.testng.reporters.JUnitXMLReporter -->
<testsuite hostname="DESKTOP-BKR93A7" ignored="0" name="Registration test case" tests="4" failures="0" timestamp="01 Jul 2018 18:45:53 GMT" time="416.258" errors="0">
  <testcase name="registerTest" time="51.408" classname="com.handelsgillet.TestCases.RegistrationPageTestCase"/>
  <testcase name="registerTest" time="51.622" classname="com.handelsgillet.TestCases.RegistrationPageTestCase"/>
  <testcase name="registerTest" time="51.266" classname="com.handelsgillet.TestCases.RegistrationPageTestCase"/>
  <testcase name="registerTest" time="51.387" classname="com.handelsgillet.TestCases.RegistrationPageTestCase"/>
</testsuite> <!-- Registration test case -->
