<?xml version="1.0" encoding="UTF-8"?>
<!-- Generated by org.testng.reporters.JUnitXMLReporter -->
<testsuite hostname="DESKTOP-BKR93A7" ignored="1" name="Super Admin Login test case" tests="2" failures="0" timestamp="01 Jul 2018 18:47:34 GMT" time="101.013" errors="0">
  <testcase name="loginPageTitleTest" time="0.037" classname="com.handelsgillet.TestCases.LoginPageTestCase"/>
  <testcase name="loginTest" time="12.866" classname="com.handelsgillet.TestCases.LoginPageTestCase"/>
  <testcase name="hgLogoTest" time="0.0" classname="com.handelsgillet.TestCases.LoginPageTestCase">
    <ignored/>
  </testcase> <!-- hgLogoTest -->
</testsuite> <!-- Super Admin Login test case -->
