<?xml version="1.0" encoding="UTF-8"?>
<!-- Generated by org.testng.reporters.JUnitXMLReporter -->
<testsuite hostname="DESKTOP-BKR93A7" ignored="2" name="Super Admin App Test Cases" tests="4" failures="0" timestamp="03 Jul 2018 15:23:14 GMT" time="518.916" errors="0">
  <testcase name="homePageFeatures" time="17.079" classname="com.handelsgillet.TestCases.SideMenuHomePageTestCase"/>
  <testcase name="verifyNewApplicationViewAndCancelClick" time="96.894" classname="com.handelsgillet.TestCases.SideMenuNewApplicationPageTestCase"/>
  <testcase name="verifygroupSearch" time="29.513" classname="com.handelsgillet.TestCases.SideMenuGroupsPageTestCase"/>
  <testcase name="verifyManageMemberSearch" time="15.622" classname="com.handelsgillet.TestCases.SideMenuManageMemberPageTestCase"/>
  <testcase name="verifyGroupsDeleteAllYes" time="0.0" classname="com.handelsgillet.TestCases.SideMenuGroupsPageTestCase">
    <ignored/>
  </testcase> <!-- verifyGroupsDeleteAllYes -->
  <testcase name="hgLogoTest" time="0.0" classname="com.handelsgillet.TestCases.LoginPageTestCase">
    <ignored/>
  </testcase> <!-- hgLogoTest -->
</testsuite> <!-- Super Admin App Test Cases -->
