<?xml version="1.0" encoding="UTF-8"?>
<!-- Generated by org.testng.reporters.JUnitXMLReporter -->
<testsuite hostname="DESKTOP-BKR93A7" ignored="0" name="Super Admin App Test Cases" tests="6" failures="0" timestamp="01 Jul 2018 17:16:13 GMT" time="491.433" errors="0">
  <testcase name="verifyMenuOmHandelsgilletTest" time="33.222" classname="com.handelsgillet.TestCases.HGLandingMenuPageTestCase"/>
  <testcase name="verifyMenuAktuelTest" time="5.284" classname="com.handelsgillet.TestCases.HGLandingMenuPageTestCase"/>
  <testcase name="verifyMenuLokaliteterTest" time="0.331" classname="com.handelsgillet.TestCases.HGLandingMenuPageTestCase"/>
  <testcase name="verifyMenuKlubbarTest" time="0.351" classname="com.handelsgillet.TestCases.HGLandingMenuPageTestCase"/>
  <testcase name="verifyMenuKontakTest" time="0.34" classname="com.handelsgillet.TestCases.HGLandingMenuPageTestCase"/>
  <testcase name="verifyMenuGilleMagazineTest" time="0.236" classname="com.handelsgillet.TestCases.HGLandingMenuPageTestCase"/>
</testsuite> <!-- Super Admin App Test Cases -->
